2025-12-22 12:09:32,112 - __main__ - INFO - Starting Rope Skipping Counter on 0.0.0.0:8080
2025-12-22 12:09:32,112 - __main__ - INFO - RTSP URL: rtsps://192.168.1.1:7441/Zh57VpTojynQVGvw?enableSrtp
2025-12-22 12:09:32,112 - __main__ - INFO - Webhook URL: http://192.168.1.131:8123/api/webhook/-yXN-y16djNI4k9TIvPQ3d8vL
2025-12-22 12:09:32,112 - __main__ - INFO - Milestone interval: 100
2025-12-22 12:09:32,457 - matplotlib - DEBUG - matplotlib data path: /usr/local/lib/python3.11/site-packages/matplotlib/mpl-data
2025-12-22 12:09:32,465 - matplotlib - DEBUG - CONFIGDIR=/home/appuser/.config/matplotlib
2025-12-22 12:09:32,467 - matplotlib - DEBUG - interactive is False
2025-12-22 12:09:32,467 - matplotlib - DEBUG - platform is linux
2025-12-22 12:09:32,499 - matplotlib - DEBUG - CACHEDIR=/home/appuser/.cache/matplotlib
2025-12-22 12:09:32,499 - matplotlib.font_manager - DEBUG - font search path [PosixPath('/usr/local/lib/python3.11/site-packages/matplotlib/mpl-data/fonts/ttf'), PosixPath('/usr/local/lib/python3.11/site-packages/matplotlib/mpl-data/fonts/afm'), PosixPath('/usr/local/lib/python3.11/site-packages/matplotlib/mpl-data/fonts/pdfcorefonts')]
2025-12-22 12:09:32,633 - matplotlib.font_manager - INFO - generated new fontManager
2025-12-22 12:09:33,248 - uvicorn.error - INFO - Started server process [1]
2025-12-22 12:09:33,248 - uvicorn.error - INFO - Started server process [1]
2025-12-22 12:09:33,248 - uvicorn.error - INFO - Started server process [1]
2025-12-22 12:09:33,248 - uvicorn.error - INFO - Waiting for application startup.
2025-12-22 12:09:33,248 - uvicorn.error - INFO - Waiting for application startup.
2025-12-22 12:09:33,248 - uvicorn.error - INFO - Waiting for application startup.
2025-12-22 12:09:33,369 - src.detection.pose - INFO - Initialized PoseDetector: model=2, tracking=nose, segmentation=enabled
2025-12-22 12:09:33,369 - src.detection.jump - INFO - Initialized JumpDetector: min_amplitude=0.02, max_amplitude=0.1, max_x_drift=0.15
2025-12-22 12:09:33,369 - src.session.manager - INFO - Initialized SessionManager: start_threshold=5, stop_timeout=30s, milestone=100
2025-12-22 12:09:33,369 - src.notifications.webhook - INFO - Initialized WebhookSender: url=http://192.168.1.131:8123/api/webhook/-yXN-y16djNI4k9TIvPQ3d8vL
2025-12-22 12:09:33,370 - src.stream.capture - INFO - Connecting to rtsps://192.168.1.1:7441/Zh57VpTojynQVGvw?enableSrtp...
2025-12-22 12:09:33,370 - src.stream.capture - INFO - Started RTSP capture for rtsps://192.168.1.1:7441/Zh57VpTojynQVGvw?enableSrtp
2025-12-22 12:09:33,371 - src.processor.video - INFO - VideoProcessor started
2025-12-22 12:09:33,371 - src.api.app - INFO - Application started
2025-12-22 12:09:33,371 - uvicorn.error - INFO - Application startup complete.
2025-12-22 12:09:33,371 - uvicorn.error - INFO - Application startup complete.
2025-12-22 12:09:33,371 - uvicorn.error - INFO - Application startup complete.
2025-12-22 12:09:33,373 - uvicorn.error - INFO - Uvicorn running on http://0.0.0.0:8080 (Press CTRL+C to quit)
2025-12-22 12:09:33,373 - uvicorn.error - INFO - Uvicorn running on http://0.0.0.0:8080 (Press CTRL+C to quit)
2025-12-22 12:09:33,373 - uvicorn.error - INFO - Uvicorn running on http://0.0.0.0:8080 (Press CTRL+C to quit)
2025-12-22 12:09:34,397 - src.stream.capture - INFO - Successfully connected to RTSP stream
2025-12-22 12:09:36,953 - uvicorn.access - INFO - 127.0.0.1:45404 - "GET /health HTTP/1.1" 200
2025-12-22 12:09:36,953 - uvicorn.access - INFO - 127.0.0.1:45404 - "GET /health HTTP/1.1" 200
2025-12-22 12:09:36,953 - uvicorn.access - INFO - 127.0.0.1:45404 - "GET /health HTTP/1.1" 200
2025-12-22 12:09:56,589 - src.processor.video - INFO - [DEBUG] frame=600, y=0.688, jumps=0
2025-12-22 12:10:07,222 - uvicorn.access - INFO - 127.0.0.1:51368 - "GET /health HTTP/1.1" 200
2025-12-22 12:10:07,222 - uvicorn.access - INFO - 127.0.0.1:51368 - "GET /health HTTP/1.1" 200
2025-12-22 12:10:07,222 - uvicorn.access - INFO - 127.0.0.1:51368 - "GET /health HTTP/1.1" 200
2025-12-22 12:10:11,110 - src.processor.video - INFO - [DEBUG] frame=950, y=0.678, jumps=0
2025-12-22 12:10:13,580 - src.detection.jump - INFO - Warmup complete after 60 frames
2025-12-22 12:10:13,913 - src.detection.jump - DEBUG - Rejected: amp=0.0148 < 0.02
2025-12-22 12:10:14,087 - src.detection.jump - DEBUG - Rejected: amp=0.0052 < 0.02
2025-12-22 12:10:14,323 - src.detection.jump - DEBUG - Rejected: amp=0.0002 < 0.02
2025-12-22 12:10:14,582 - src.detection.jump - INFO - Jump #1! amp=0.0282, stationary=True
2025-12-22 12:10:19,119 - src.detection.jump - INFO - Pose detection gap 4.54s - resetting warmup
2025-12-22 12:10:37,477 - uvicorn.access - INFO - 127.0.0.1:35500 - "GET /health HTTP/1.1" 200
2025-12-22 12:10:37,477 - uvicorn.access - INFO - 127.0.0.1:35500 - "GET /health HTTP/1.1" 200
2025-12-22 12:10:37,477 - uvicorn.access - INFO - 127.0.0.1:35500 - "GET /health HTTP/1.1" 200
2025-12-22 12:11:01,669 - src.processor.video - INFO - [DEBUG] frame=2350, y=0.676, jumps=1
2025-12-22 12:11:05,393 - src.detection.jump - INFO - Warmup complete after 60 frames
2025-12-22 12:11:06,346 - src.processor.video - INFO - [DEBUG] frame=2400, y=0.680, jumps=1
2025-12-22 12:11:06,348 - src.detection.jump - INFO - Jump #2! amp=0.0222, stationary=True
2025-12-22 12:11:06,997 - src.detection.jump - DEBUG - Rejected: amp=0.0001 < 0.02
2025-12-22 12:11:07,615 - src.detection.jump - DEBUG - Rejected: amp=0.0000 < 0.02
2025-12-22 12:11:07,904 - uvicorn.access - INFO - 127.0.0.1:38022 - "GET /health HTTP/1.1" 200
2025-12-22 12:11:07,904 - uvicorn.access - INFO - 127.0.0.1:38022 - "GET /health HTTP/1.1" 200
2025-12-22 12:11:07,904 - uvicorn.access - INFO - 127.0.0.1:38022 - "GET /health HTTP/1.1" 200
2025-12-22 12:11:08,473 - src.detection.jump - DEBUG - Rejected: amp=0.0001 < 0.02
2025-12-22 12:11:08,631 - src.detection.jump - DEBUG - Rejected: amp=0.0042 < 0.02
2025-12-22 12:11:08,793 - src.detection.jump - DEBUG - Rejected: amp=0.0030 < 0.02
2025-12-22 12:11:09,036 - src.detection.jump - DEBUG - Rejected: amp=0.0019 < 0.02
2025-12-22 12:11:09,294 - src.detection.jump - DEBUG - Rejected: amp=0.0008 < 0.02
2025-12-22 12:11:09,854 - src.detection.jump - DEBUG - Rejected: amp=0.0030 < 0.02
2025-12-22 12:11:10,704 - src.processor.video - INFO - [DEBUG] frame=2450, y=0.701, jumps=2
2025-12-22 12:11:11,013 - src.detection.jump - DEBUG - Rejected: amp=0.0000 < 0.02
2025-12-22 12:11:11,172 - src.detection.jump - DEBUG - Rejected: amp=0.0000 < 0.02
2025-12-22 12:11:11,452 - src.detection.jump - DEBUG - Rejected: amp=0.0000 < 0.02
2025-12-22 12:11:11,986 - src.detection.jump - DEBUG - Rejected: amp=0.0018 < 0.02
2025-12-22 12:11:12,809 - src.detection.jump - DEBUG - Rejected: amp=0.0109 < 0.02
2025-12-22 12:11:13,243 - src.detection.jump - DEBUG - Rejected: amp=0.0025 < 0.02
2025-12-22 12:11:13,407 - src.detection.jump - DEBUG - Rejected: amp=0.0008 < 0.02
2025-12-22 12:11:13,660 - src.detection.jump - INFO - Jump #3! amp=0.0291, stationary=True
2025-12-22 12:11:14,317 - src.detection.jump - DEBUG - Rejected: amp=0.0128 < 0.02
2025-12-22 12:11:14,872 - src.detection.jump - DEBUG - Rejected: amp=0.0075 < 0.02
2025-12-22 12:11:14,969 - src.processor.video - INFO - [DEBUG] frame=2500, y=0.689, jumps=3
2025-12-22 12:11:15,293 - src.detection.jump - DEBUG - Rejected: amp=0.0073 < 0.02
2025-12-22 12:11:15,649 - src.detection.jump - DEBUG - Rejected: amp=0.0059 < 0.02
2025-12-22 12:11:16,074 - src.detection.jump - DEBUG - Rejected: amp=0.0069 < 0.02
2025-12-22 12:11:16,387 - src.detection.jump - DEBUG - Rejected: amp=0.0026 < 0.02
2025-12-22 12:11:16,868 - src.detection.jump - DEBUG - Rejected: amp=0.0156 < 0.02
2025-12-22 12:11:17,420 - src.detection.jump - DEBUG - Rejected: amp=0.0133 < 0.02
2025-12-22 12:11:17,733 - src.detection.jump - DEBUG - Rejected: amp=0.0004 < 0.02
2025-12-22 12:11:18,099 - src.detection.jump - INFO - Jump #4! amp=0.0206, stationary=True
2025-12-22 12:11:18,285 - src.detection.jump - DEBUG - Rejected: amp=0.0026 < 0.02
2025-12-22 12:11:18,709 - src.detection.jump - INFO - Jump #5! amp=0.0362, stationary=True
2025-12-22 12:11:18,711 - src.session.manager - INFO - Session started with 5 jumps
2025-12-22 12:11:29,469 - src.detection.jump - INFO - Pose detection gap 10.57s - resetting warmup
2025-12-22 12:11:33,564 - src.processor.video - INFO - [DEBUG] frame=2900, y=0.696, jumps=5
2025-12-22 12:11:34,649 - src.detection.jump - INFO - Warmup complete after 60 frames
2025-12-22 12:11:35,399 - src.detection.jump - DEBUG - Rejected: amp=0.0010 < 0.02
2025-12-22 12:11:35,829 - src.detection.jump - DEBUG - Rejected: amp=0.0002 < 0.02
2025-12-22 12:11:36,232 - src.detection.jump - DEBUG - Rejected: amp=0.0001 < 0.02
2025-12-22 12:11:36,643 - src.detection.jump - DEBUG - Rejected: amp=0.0000 < 0.02
2025-12-22 12:11:37,205 - src.detection.jump - DEBUG - Rejected: amp=0.0001 < 0.02
2025-12-22 12:11:37,509 - src.detection.jump - DEBUG - Rejected: amp=0.0000 < 0.02
2025-12-22 12:11:37,748 - src.processor.video - INFO - [DEBUG] frame=2950, y=0.702, jumps=5
2025-12-22 12:11:38,216 - uvicorn.access - INFO - 127.0.0.1:50678 - "GET /health HTTP/1.1" 200
2025-12-22 12:11:38,216 - uvicorn.access - INFO - 127.0.0.1:50678 - "GET /health HTTP/1.1" 200
2025-12-22 12:11:38,216 - uvicorn.access - INFO - 127.0.0.1:50678 - "GET /health HTTP/1.1" 200
2025-12-22 12:11:38,443 - src.detection.jump - DEBUG - Rejected: amp=0.0138 < 0.02
2025-12-22 12:11:39,127 - src.detection.jump - DEBUG - Rejected: amp=0.0074 < 0.02
2025-12-22 12:11:39,294 - src.detection.jump - DEBUG - Rejected: amp=0.0005 < 0.02
2025-12-22 12:11:39,712 - src.detection.jump - DEBUG - Rejected: amp=0.0029 < 0.02
2025-12-22 12:11:40,261 - src.detection.jump - DEBUG - Rejected: amp=0.0186 < 0.02
2025-12-22 12:11:40,675 - src.detection.jump - DEBUG - Rejected: amp=0.0011 < 0.02
2025-12-22 12:11:41,508 - src.detection.jump - DEBUG - Rejected: amp=0.0014 < 0.02
2025-12-22 12:11:41,748 - src.detection.jump - DEBUG - Rejected: amp=0.0002 < 0.02
2025-12-22 12:11:41,917 - src.processor.video - INFO - [DEBUG] frame=3000, y=0.693, jumps=5
2025-12-22 12:11:42,092 - src.detection.jump - DEBUG - Rejected: amp=0.0102 < 0.02
2025-12-22 12:11:42,387 - src.detection.jump - INFO - Jump #6! amp=0.0460, stationary=True
2025-12-22 12:11:43,168 - src.detection.jump - DEBUG - Rejected: amp=0.0000 < 0.02
2025-12-22 12:11:43,572 - src.detection.jump - DEBUG - Rejected: amp=0.0114 < 0.02
2025-12-22 12:11:44,207 - src.detection.jump - DEBUG - Rejected: amp=0.0001 < 0.02
2025-12-22 12:11:45,173 - src.detection.jump - DEBUG - Rejected: amp=0.0155 < 0.02
2025-12-22 12:11:45,489 - src.detection.jump - DEBUG - Rejected: amp=0.0016 < 0.02
2025-12-22 12:11:45,722 - src.detection.jump - DEBUG - Rejected: amp=0.0143 < 0.02
2025-12-22 12:11:46,069 - src.processor.video - INFO - [DEBUG] frame=3050, y=0.671, jumps=6
2025-12-22 12:11:46,144 - src.detection.jump - INFO - Jump #7! amp=0.0222, stationary=True
2025-12-22 12:11:46,404 - src.detection.jump - DEBUG - Rejected: amp=0.0015 < 0.02
2025-12-22 12:11:46,810 - src.detection.jump - DEBUG - Rejected: amp=0.0024 < 0.02
2025-12-22 12:11:47,084 - src.detection.jump - DEBUG - Rejected: amp=0.0013 < 0.02
2025-12-22 12:11:47,239 - src.detection.jump - DEBUG - Rejected: amp=0.0187 < 0.02
2025-12-22 12:11:47,526 - src.detection.jump - INFO - Jump #8! amp=0.0317, stationary=True
2025-12-22 12:11:48,173 - src.detection.jump - DEBUG - Rejected: amp=0.0109 < 0.02
2025-12-22 12:11:48,342 - src.detection.jump - DEBUG - Rejected: amp=0.0094 < 0.02
2025-12-22 12:11:48,600 - src.detection.jump - INFO - Jump #9! amp=0.0292, stationary=True
2025-12-22 12:11:49,362 - src.detection.jump - DEBUG - Rejected: amp=0.0012 < 0.02
2025-12-22 12:11:49,624 - src.detection.jump - DEBUG - Rejected: amp=0.0033 < 0.02
2025-12-22 12:11:49,992 - src.detection.jump - DEBUG - Rejected: amp=0.0112 < 0.02
2025-12-22 12:11:50,461 - src.processor.video - INFO - [DEBUG] frame=3100, y=0.683, jumps=9
2025-12-22 12:11:50,826 - src.detection.jump - DEBUG - Rejected: amp=0.0056 < 0.02
2025-12-22 12:11:51,282 - src.detection.jump - INFO - Jump #10! amp=0.0205, stationary=True
2025-12-22 12:11:51,723 - src.detection.jump - INFO - Jump #11! amp=0.0218, stationary=True
2025-12-22 12:11:51,899 - src.detection.jump - DEBUG - Rejected: amp=0.0067 < 0.02
2025-12-22 12:11:52,283 - src.detection.jump - DEBUG - Rejected: amp=0.0054 < 0.02
2025-12-22 12:11:52,495 - src.detection.jump - DEBUG - Rejected: amp=0.0006 < 0.02
2025-12-22 12:11:52,768 - src.detection.jump - INFO - Jump #12! amp=0.0489, stationary=True
2025-12-22 12:11:53,096 - src.detection.jump - DEBUG - Rejected: amp=0.0054 < 0.02
2025-12-22 12:12:08,516 - uvicorn.access - INFO - 127.0.0.1:50920 - "GET /health HTTP/1.1" 200
2025-12-22 12:12:08,516 - uvicorn.access - INFO - 127.0.0.1:50920 - "GET /health HTTP/1.1" 200
2025-12-22 12:12:08,516 - uvicorn.access - INFO - 127.0.0.1:50920 - "GET /health HTTP/1.1" 200
2025-12-22 12:12:08,632 - src.detection.jump - INFO - Pose detection gap 15.45s - resetting warmup
2025-12-22 12:12:09,333 - src.processor.video - INFO - [DEBUG] frame=3600, y=0.656, jumps=12
2025-12-22 12:12:23,685 - src.session.manager - INFO - Session ended (timeout): 12 jumps, duration=65.0s
2025-12-22 12:12:25,448 - src.processor.video - INFO - [DEBUG] frame=4050, y=0.676, jumps=12
2025-12-22 12:12:38,803 - uvicorn.access - INFO - 127.0.0.1:48356 - "GET /health HTTP/1.1" 200
2025-12-22 12:12:38,803 - uvicorn.access - INFO - 127.0.0.1:48356 - "GET /health HTTP/1.1" 200
2025-12-22 12:12:38,803 - uvicorn.access - INFO - 127.0.0.1:48356 - "GET /health HTTP/1.1" 200
2025-12-22 12:13:09,060 - uvicorn.access - INFO - 127.0.0.1:43462 - "GET /health HTTP/1.1" 200
2025-12-22 12:13:09,060 - uvicorn.access - INFO - 127.0.0.1:43462 - "GET /health HTTP/1.1" 200
2025-12-22 12:13:09,060 - uvicorn.access - INFO - 127.0.0.1:43462 - "GET /health HTTP/1.1" 200
2025-12-22 12:13:11,071 - src.processor.video - INFO - [DEBUG] frame=5350, y=0.658, jumps=12
2025-12-22 12:13:13,610 - src.detection.jump - INFO - Warmup complete after 60 frames
2025-12-22 12:13:15,180 - src.processor.video - INFO - [DEBUG] frame=5400, y=0.685, jumps=12
2025-12-22 12:13:15,375 - src.detection.jump - DEBUG - Rejected: amp=0.0147 < 0.02
2025-12-22 12:13:15,538 - src.detection.jump - DEBUG - Rejected: amp=0.0008 < 0.02
2025-12-22 12:13:16,060 - src.detection.jump - DEBUG - Rejected: amp=0.0004 < 0.02
2025-12-22 12:13:16,596 - src.detection.jump - DEBUG - Rejected: amp=0.0057 < 0.02
2025-12-22 12:13:16,838 - src.detection.jump - DEBUG - Rejected: amp=0.0010 < 0.02
2025-12-22 12:13:17,003 - src.detection.jump - DEBUG - Rejected: amp=0.0006 < 0.02
2025-12-22 12:13:17,184 - src.detection.jump - DEBUG - Rejected: amp=0.0173 < 0.02
2025-12-22 12:13:17,532 - src.detection.jump - DEBUG - Rejected: amp=0.0074 < 0.02
2025-12-22 12:13:18,192 - src.detection.jump - DEBUG - Rejected: amp=0.0107 < 0.02
2025-12-22 12:13:18,397 - src.detection.jump - DEBUG - Rejected: amp=0.0018 < 0.02
2025-12-22 12:13:18,882 - src.detection.jump - INFO - Jump #13! amp=0.0418, stationary=True
2025-12-22 12:13:19,829 - src.processor.video - INFO - [DEBUG] frame=5450, y=0.644, jumps=13
2025-12-22 12:13:19,922 - src.detection.jump - INFO - Jump #14! amp=0.0469, stationary=True
2025-12-22 12:13:39,213 - src.detection.jump - INFO - Pose detection gap 18.86s - resetting warmup
2025-12-22 12:13:39,357 - uvicorn.access - INFO - 127.0.0.1:44812 - "GET /health HTTP/1.1" 200
2025-12-22 12:13:39,357 - uvicorn.access - INFO - 127.0.0.1:44812 - "GET /health HTTP/1.1" 200
2025-12-22 12:13:39,357 - uvicorn.access - INFO - 127.0.0.1:44812 - "GET /health HTTP/1.1" 200
2025-12-22 12:13:55,653 - src.processor.video - INFO - [DEBUG] frame=6450, y=0.690, jumps=14
2025-12-22 12:13:59,080 - src.detection.jump - INFO - Warmup complete after 60 frames
2025-12-22 12:13:59,254 - src.detection.jump - DEBUG - Rejected: amp=0.0007 < 0.02
2025-12-22 12:13:59,553 - src.detection.jump - INFO - Jump #15! amp=0.0274, stationary=True
2025-12-22 12:13:59,976 - src.detection.jump - DEBUG - Rejected: amp=0.0002 < 0.02
2025-12-22 12:14:00,491 - src.processor.video - INFO - [DEBUG] frame=6500, y=0.689, jumps=15
2025-12-22 12:14:00,680 - src.detection.jump - DEBUG - Rejected: amp=0.0069 < 0.02
2025-12-22 12:14:00,850 - src.detection.jump - DEBUG - Rejected: amp=0.0002 < 0.02
2025-12-22 12:14:01,156 - src.detection.jump - DEBUG - Rejected: amp=0.0101 < 0.02
2025-12-22 12:14:01,410 - src.detection.jump - DEBUG - Rejected: amp=0.0001 < 0.02
2025-12-22 12:14:02,213 - src.detection.jump - DEBUG - Rejected: amp=0.0009 < 0.02
2025-12-22 12:14:02,827 - src.detection.jump - DEBUG - Rejected: amp=0.0007 < 0.02
2025-12-22 12:14:03,085 - src.detection.jump - DEBUG - Rejected: amp=0.0034 < 0.02
2025-12-22 12:14:03,344 - src.detection.jump - DEBUG - Rejected: amp=0.0007 < 0.02
2025-12-22 12:14:03,668 - src.detection.jump - DEBUG - Rejected: amp=0.0129 < 0.02
2025-12-22 12:14:04,172 - src.detection.jump - DEBUG - Rejected: amp=0.0005 < 0.02
2025-12-22 12:14:04,339 - src.detection.jump - DEBUG - Rejected: amp=0.0006 < 0.02
2025-12-22 12:14:04,499 - src.detection.jump - DEBUG - Rejected: amp=0.0005 < 0.02
2025-12-22 12:14:04,916 - src.processor.video - INFO - [DEBUG] frame=6550, y=0.690, jumps=15
2025-12-22 12:14:04,916 - src.detection.jump - DEBUG - Rejected: amp=0.0098 < 0.02
2025-12-22 12:14:05,332 - src.detection.jump - DEBUG - Rejected: amp=0.0071 < 0.02
2025-12-22 12:14:05,918 - src.detection.jump - DEBUG - Rejected: amp=0.0005 < 0.02
2025-12-22 12:14:06,389 - src.detection.jump - INFO - Jump #16! amp=0.0220, stationary=True
2025-12-22 12:14:06,639 - src.detection.jump - DEBUG - Rejected: amp=0.0028 < 0.02
2025-12-22 12:14:07,097 - src.detection.jump - DEBUG - Rejected: amp=0.0145 < 0.02
2025-12-22 12:14:07,350 - src.detection.jump - DEBUG - Rejected: amp=0.0003 < 0.02
2025-12-22 12:14:08,819 - src.detection.jump - DEBUG - Rejected: amp=0.0118 < 0.02
2025-12-22 12:14:09,308 - src.processor.video - INFO - [DEBUG] frame=6600, y=0.707, jumps=16
2025-12-22 12:14:09,642 - uvicorn.access - INFO - 127.0.0.1:54336 - "GET /health HTTP/1.1" 200
2025-12-22 12:14:09,642 - uvicorn.access - INFO - 127.0.0.1:54336 - "GET /health HTTP/1.1" 200
2025-12-22 12:14:09,642 - uvicorn.access - INFO - 127.0.0.1:54336 - "GET /health HTTP/1.1" 200
2025-12-22 12:14:10,075 - src.detection.jump - DEBUG - Rejected: amp=0.0002 < 0.02
2025-12-22 12:14:10,638 - src.detection.jump - DEBUG - Rejected: amp=0.0003 < 0.02
2025-12-22 12:14:10,802 - src.detection.jump - DEBUG - Rejected: amp=0.0000 < 0.02
2025-12-22 12:14:11,808 - src.detection.jump - DEBUG - Rejected: amp=0.0000 < 0.02
2025-12-22 12:14:12,402 - src.detection.jump - DEBUG - Rejected: amp=0.0000 < 0.02
2025-12-22 12:14:13,495 - src.detection.jump - DEBUG - Rejected: amp=0.0006 < 0.02
2025-12-22 12:14:13,580 - src.processor.video - INFO - [DEBUG] frame=6650, y=0.707, jumps=16
2025-12-22 12:14:13,931 - src.detection.jump - DEBUG - Rejected: amp=0.0003 < 0.02
2025-12-22 12:14:14,249 - src.detection.jump - DEBUG - Rejected: amp=0.0000 < 0.02
2025-12-22 12:14:16,130 - src.detection.jump - DEBUG - Rejected: amp=0.0021 < 0.02
2025-12-22 12:14:16,384 - src.detection.jump - DEBUG - Rejected: amp=0.0000 < 0.02
2025-12-22 12:14:18,198 - src.processor.video - INFO - [DEBUG] frame=6700, y=0.707, jumps=16
2025-12-22 12:14:18,298 - src.detection.jump - DEBUG - Rejected: amp=0.0005 < 0.02
2025-12-22 12:14:18,740 - src.detection.jump - DEBUG - Rejected: amp=0.0000 < 0.02
2025-12-22 12:14:19,396 - src.detection.jump - DEBUG - Rejected: amp=0.0017 < 0.02
2025-12-22 12:14:20,190 - src.detection.jump - DEBUG - Rejected: amp=0.0005 < 0.02
2025-12-22 12:14:20,446 - src.detection.jump - DEBUG - Rejected: amp=0.0001 < 0.02
2025-12-22 12:14:21,315 - src.detection.jump - DEBUG - Rejected: amp=0.0006 < 0.02
2025-12-22 12:14:22,688 - src.processor.video - INFO - [DEBUG] frame=6750, y=0.708, jumps=16
2025-12-22 12:14:22,688 - src.detection.jump - DEBUG - Rejected: amp=0.0011 < 0.02
2025-12-22 12:14:23,413 - src.detection.jump - DEBUG - Rejected: amp=0.0010 < 0.02
2025-12-22 12:14:24,281 - src.detection.jump - DEBUG - Rejected: amp=0.0029 < 0.02
2025-12-22 12:14:24,503 - src.detection.jump - DEBUG - Rejected: amp=0.0012 < 0.02
2025-12-22 12:14:24,780 - src.detection.jump - DEBUG - Rejected: amp=0.0002 < 0.02
2025-12-22 12:14:25,059 - src.detection.jump - DEBUG - Rejected: amp=0.0002 < 0.02
2025-12-22 12:14:25,610 - src.detection.jump - DEBUG - Rejected: amp=0.0002 < 0.02
2025-12-22 12:14:25,809 - src.detection.jump - DEBUG - Rejected: amp=0.0004 < 0.02
2025-12-22 12:14:26,408 - src.processor.video - INFO - [DEBUG] frame=6800, y=0.705, jumps=16
2025-12-22 12:14:26,481 - src.detection.jump - DEBUG - Rejected: amp=0.0002 < 0.02
2025-12-22 12:14:27,263 - src.detection.jump - DEBUG - Rejected: amp=0.0010 < 0.02
2025-12-22 12:14:27,449 - src.detection.jump - DEBUG - Rejected: amp=0.0010 < 0.02
2025-12-22 12:14:28,147 - src.detection.jump - DEBUG - Rejected: amp=0.0008 < 0.02
2025-12-22 12:14:29,948 - src.detection.jump - DEBUG - Rejected: amp=0.0000 < 0.02
2025-12-22 12:14:30,025 - src.processor.video - INFO - [DEBUG] frame=6850, y=0.710, jumps=16
2025-12-22 12:14:31,065 - src.detection.jump - DEBUG - Rejected: amp=0.0001 < 0.02
2025-12-22 12:14:31,571 - src.detection.jump - DEBUG - Rejected: amp=0.0000 < 0.02
2025-12-22 12:14:32,579 - src.detection.jump - DEBUG - Rejected: amp=0.0015 < 0.02
2025-12-22 12:14:34,136 - src.detection.jump - DEBUG - Rejected: amp=0.0004 < 0.02
2025-12-22 12:14:34,385 - src.detection.jump - DEBUG - Rejected: amp=0.0000 < 0.02
2025-12-22 12:14:34,466 - src.processor.video - INFO - [DEBUG] frame=6900, y=0.708, jumps=16
2025-12-22 12:14:35,426 - src.detection.jump - DEBUG - Rejected: amp=0.0008 < 0.02
2025-12-22 12:14:35,828 - src.detection.jump - DEBUG - Rejected: amp=0.0000 < 0.02
2025-12-22 12:14:36,802 - src.detection.jump - DEBUG - Rejected: amp=0.0000 < 0.02
2025-12-22 12:14:37,829 - src.detection.jump - DEBUG - Rejected: amp=0.0041 < 0.02
2025-12-22 12:14:38,362 - src.processor.video - INFO - [DEBUG] frame=6950, y=0.708, jumps=16
2025-12-22 12:14:39,230 - src.detection.jump - DEBUG - Rejected: amp=0.0022 < 0.02
2025-12-22 12:14:39,906 - uvicorn.access - INFO - 127.0.0.1:60576 - "GET /health HTTP/1.1" 200
2025-12-22 12:14:39,906 - uvicorn.access - INFO - 127.0.0.1:60576 - "GET /health HTTP/1.1" 200
2025-12-22 12:14:39,906 - uvicorn.access - INFO - 127.0.0.1:60576 - "GET /health HTTP/1.1" 200
2025-12-22 12:14:42,222 - src.processor.video - INFO - [DEBUG] frame=7000, y=0.708, jumps=16
2025-12-22 12:14:42,890 - src.detection.jump - DEBUG - Rejected: amp=0.0000 < 0.02
2025-12-22 12:14:43,760 - src.detection.jump - DEBUG - Rejected: amp=0.0000 < 0.02
2025-12-22 12:14:45,660 - src.detection.jump - DEBUG - Rejected: amp=0.0000 < 0.02
2025-12-22 12:14:45,904 - src.detection.jump - DEBUG - Rejected: amp=0.0000 < 0.02
2025-12-22 12:14:46,014 - src.processor.video - INFO - [DEBUG] frame=7050, y=0.709, jumps=16
2025-12-22 12:14:46,088 - src.detection.jump - DEBUG - Rejected: amp=0.0000 < 0.02
2025-12-22 12:14:46,415 - src.detection.jump - DEBUG - Rejected: amp=0.0000 < 0.02
2025-12-22 12:14:46,847 - src.detection.jump - DEBUG - Rejected: amp=0.0000 < 0.02
2025-12-22 12:14:50,059 - src.processor.video - INFO - [DEBUG] frame=7100, y=0.708, jumps=16
2025-12-22 12:14:50,576 - src.detection.jump - DEBUG - Rejected: amp=0.0017 < 0.02
2025-12-22 12:14:51,280 - src.detection.jump - DEBUG - Rejected: amp=0.0001 < 0.02
2025-12-22 12:14:52,092 - src.detection.jump - DEBUG - Rejected: amp=0.0001 < 0.02
2025-12-22 12:14:52,241 - src.detection.jump - DEBUG - Rejected: amp=0.0000 < 0.02
2025-12-22 12:14:52,658 - src.detection.jump - DEBUG - Rejected: amp=0.0000 < 0.02
2025-12-22 12:14:53,623 - src.detection.jump - DEBUG - Rejected: amp=0.0005 < 0.02
2025-12-22 12:14:53,688 - src.processor.video - INFO - [DEBUG] frame=7150, y=0.707, jumps=16
2025-12-22 12:14:54,351 - src.detection.jump - DEBUG - Rejected: amp=0.0000 < 0.02
2025-12-22 12:14:55,265 - src.detection.jump - DEBUG - Rejected: amp=0.0000 < 0.02
2025-12-22 12:14:56,768 - src.detection.jump - DEBUG - Rejected: amp=0.0000 < 0.02
2025-12-22 12:14:57,245 - src.processor.video - INFO - [DEBUG] frame=7200, y=0.709, jumps=16
2025-12-22 12:14:57,593 - src.detection.jump - DEBUG - Rejected: amp=0.0001 < 0.02
2025-12-22 12:14:57,923 - src.detection.jump - DEBUG - Rejected: amp=0.0001 < 0.02
2025-12-22 12:14:58,063 - src.detection.jump - DEBUG - Rejected: amp=0.0002 < 0.02
2025-12-22 12:14:58,267 - src.detection.jump - DEBUG - Rejected: amp=0.0000 < 0.02
2025-12-22 12:14:58,631 - src.detection.jump - DEBUG - Rejected: amp=0.0001 < 0.02
2025-12-22 12:15:00,387 - src.detection.jump - DEBUG - Rejected: amp=0.0000 < 0.02
2025-12-22 12:15:00,822 - src.processor.video - INFO - [DEBUG] frame=7250, y=0.709, jumps=16
2025-12-22 12:15:01,883 - src.detection.jump - DEBUG - Rejected: amp=0.0003 < 0.02
2025-12-22 12:15:02,017 - src.detection.jump - DEBUG - Rejected: amp=0.0000 < 0.02
2025-12-22 12:15:02,289 - src.detection.jump - DEBUG - Rejected: amp=0.0000 < 0.02
2025-12-22 12:15:02,420 - src.detection.jump - DEBUG - Rejected: amp=0.0000 < 0.02
2025-12-22 12:15:03,703 - src.detection.jump - DEBUG - Rejected: amp=0.0001 < 0.02
2025-12-22 12:15:04,280 - src.processor.video - INFO - [DEBUG] frame=7300, y=0.709, jumps=16
2025-12-22 12:15:04,692 - src.detection.jump - DEBUG - Rejected: amp=0.0016 < 0.02
2025-12-22 12:15:07,056 - src.detection.jump - DEBUG - Rejected: amp=0.0014 < 0.02
2025-12-22 12:15:07,643 - src.detection.jump - DEBUG - Rejected: amp=0.0008 < 0.02
2025-12-22 12:15:07,862 - src.processor.video - INFO - [DEBUG] frame=7350, y=0.708, jumps=16
2025-12-22 12:15:08,072 - src.detection.jump - DEBUG - Rejected: amp=0.0000 < 0.02
2025-12-22 12:15:08,296 - src.detection.jump - DEBUG - Rejected: amp=0.0001 < 0.02
2025-12-22 12:15:08,519 - src.detection.jump - DEBUG - Rejected: amp=0.0002 < 0.02
2025-12-22 12:15:08,899 - src.detection.jump - DEBUG - Rejected: amp=0.0008 < 0.02
2025-12-22 12:15:09,269 - src.detection.jump - DEBUG - Rejected: amp=0.0034 < 0.02
2025-12-22 12:15:10,181 - uvicorn.access - INFO - 127.0.0.1:38312 - "GET /health HTTP/1.1" 200
2025-12-22 12:15:10,181 - uvicorn.access - INFO - 127.0.0.1:38312 - "GET /health HTTP/1.1" 200
2025-12-22 12:15:10,181 - uvicorn.access - INFO - 127.0.0.1:38312 - "GET /health HTTP/1.1" 200
2025-12-22 12:15:11,696 - src.processor.video - INFO - [DEBUG] frame=7400, y=0.708, jumps=16
2025-12-22 12:15:12,368 - src.detection.jump - DEBUG - Rejected: amp=0.0050 < 0.02
2025-12-22 12:15:13,520 - src.detection.jump - DEBUG - Rejected: amp=0.0000 < 0.02
2025-12-22 12:15:15,353 - src.detection.jump - DEBUG - Rejected: amp=0.0001 < 0.02
2025-12-22 12:15:15,430 - src.processor.video - INFO - [DEBUG] frame=7450, y=0.709, jumps=16
2025-12-22 12:15:16,350 - src.detection.jump - DEBUG - Rejected: amp=0.0000 < 0.02
2025-12-22 12:15:16,802 - src.detection.jump - DEBUG - Rejected: amp=0.0000 < 0.02
2025-12-22 12:15:18,494 - src.detection.jump - DEBUG - Rejected: amp=0.0000 < 0.02
2025-12-22 12:15:18,694 - src.detection.jump - DEBUG - Rejected: amp=0.0000 < 0.02
2025-12-22 12:15:19,440 - src.processor.video - INFO - [DEBUG] frame=7500, y=0.709, jumps=16
2025-12-22 12:15:19,441 - src.detection.jump - DEBUG - Rejected: amp=0.0021 < 0.02
2025-12-22 12:15:20,341 - src.detection.jump - DEBUG - Rejected: amp=0.0024 < 0.02
2025-12-22 12:15:20,789 - src.detection.jump - DEBUG - Rejected: amp=0.0028 < 0.02
2025-12-22 12:15:22,741 - src.detection.jump - DEBUG - Rejected: amp=0.0000 < 0.02
2025-12-22 12:15:23,183 - src.detection.jump - DEBUG - Rejected: amp=0.0002 < 0.02
2025-12-22 12:15:23,437 - src.detection.jump - DEBUG - Rejected: amp=0.0000 < 0.02
2025-12-22 12:15:23,723 - src.detection.jump - DEBUG - Rejected: amp=0.0000 < 0.02
2025-12-22 12:15:24,018 - src.detection.jump - DEBUG - Rejected: amp=0.0000 < 0.02
2025-12-22 12:15:24,118 - src.processor.video - INFO - [DEBUG] frame=7550, y=0.707, jumps=16
2025-12-22 12:15:24,728 - src.detection.jump - DEBUG - Rejected: amp=0.0011 < 0.02
2025-12-22 12:15:25,343 - src.detection.jump - DEBUG - Rejected: amp=0.0029 < 0.02
2025-12-22 12:15:25,613 - src.detection.jump - DEBUG - Rejected: amp=0.0001 < 0.02
2025-12-22 12:15:27,219 - src.detection.jump - DEBUG - Rejected: amp=0.0012 < 0.02
2025-12-22 12:15:29,063 - src.processor.video - INFO - [DEBUG] frame=7600, y=0.707, jumps=16
2025-12-22 12:15:31,842 - src.detection.jump - DEBUG - Rejected: amp=0.0003 < 0.02
2025-12-22 12:15:32,949 - src.detection.jump - DEBUG - Rejected: amp=0.0002 < 0.02
2025-12-22 12:15:33,571 - src.detection.jump - DEBUG - Rejected: amp=0.0017 < 0.02
2025-12-22 12:15:33,659 - src.processor.video - INFO - [DEBUG] frame=7650, y=0.708, jumps=16
2025-12-22 12:15:34,314 - src.detection.jump - DEBUG - Rejected: amp=0.0002 < 0.02
2025-12-22 12:15:34,562 - src.detection.jump - DEBUG - Rejected: amp=0.0000 < 0.02
2025-12-22 12:15:35,927 - src.detection.jump - DEBUG - Rejected: amp=0.0001 < 0.02
2025-12-22 12:15:36,478 - src.detection.jump - DEBUG - Rejected: amp=0.0001 < 0.02
2025-12-22 12:15:37,900 - src.processor.video - INFO - [DEBUG] frame=7700, y=0.707, jumps=16
2025-12-22 12:15:38,462 - src.detection.jump - DEBUG - Rejected: amp=0.0038 < 0.02
2025-12-22 12:15:39,503 - src.detection.jump - DEBUG - Rejected: amp=0.0001 < 0.02
2025-12-22 12:15:40,079 - src.detection.jump - DEBUG - Rejected: amp=0.0005 < 0.02
2025-12-22 12:15:40,457 - uvicorn.access - INFO - 127.0.0.1:40970 - "GET /health HTTP/1.1" 200
2025-12-22 12:15:40,457 - uvicorn.access - INFO - 127.0.0.1:40970 - "GET /health HTTP/1.1" 200
2025-12-22 12:15:40,457 - uvicorn.access - INFO - 127.0.0.1:40970 - "GET /health HTTP/1.1" 200
2025-12-22 12:15:40,707 - src.detection.jump - DEBUG - Rejected: amp=0.0000 < 0.02
2025-12-22 12:15:40,960 - src.detection.jump - DEBUG - Rejected: amp=0.0000 < 0.02
2025-12-22 12:15:42,093 - src.detection.jump - DEBUG - Rejected: amp=0.0041 < 0.02
2025-12-22 12:15:42,267 - src.processor.video - INFO - [DEBUG] frame=7750, y=0.705, jumps=16
2025-12-22 12:15:43,116 - src.detection.jump - DEBUG - Rejected: amp=0.0016 < 0.02
2025-12-22 12:15:43,465 - src.detection.jump - DEBUG - Rejected: amp=0.0020 < 0.02
2025-12-22 12:15:44,526 - src.detection.jump - DEBUG - Rejected: amp=0.0011 < 0.02
2025-12-22 12:15:45,426 - src.detection.jump - DEBUG - Rejected: amp=0.0003 < 0.02
2025-12-22 12:15:46,743 - src.processor.video - INFO - [DEBUG] frame=7800, y=0.709, jumps=16
2025-12-22 12:15:47,047 - src.detection.jump - DEBUG - Rejected: amp=0.0001 < 0.02
2025-12-22 12:15:47,496 - src.detection.jump - DEBUG - Rejected: amp=0.0000 < 0.02
2025-12-22 12:15:47,855 - src.detection.jump - DEBUG - Rejected: amp=0.0000 < 0.02
2025-12-22 12:15:48,183 - src.detection.jump - DEBUG - Rejected: amp=0.0003 < 0.02
2025-12-22 12:15:48,632 - src.detection.jump - DEBUG - Rejected: amp=0.0013 < 0.02
2025-12-22 12:15:50,405 - src.detection.jump - DEBUG - Rejected: amp=0.0004 < 0.02
2025-12-22 12:15:50,965 - src.detection.jump - DEBUG - Rejected: amp=0.0000 < 0.02
2025-12-22 12:15:51,346 - src.processor.video - INFO - [DEBUG] frame=7850, y=0.708, jumps=16
2025-12-22 12:15:51,815 - src.detection.jump - DEBUG - Rejected: amp=0.0001 < 0.02
2025-12-22 12:15:52,816 - src.detection.jump - DEBUG - Rejected: amp=0.0012 < 0.02
2025-12-22 12:15:54,073 - src.detection.jump - DEBUG - Rejected: amp=0.0000 < 0.02
2025-12-22 12:15:54,252 - src.detection.jump - DEBUG - Rejected: amp=0.0000 < 0.02
2025-12-22 12:15:54,948 - src.detection.jump - DEBUG - Rejected: amp=0.0000 < 0.02
2025-12-22 12:15:55,128 - src.detection.jump - DEBUG - Rejected: amp=0.0000 < 0.02
2025-12-22 12:15:55,848 - src.processor.video - INFO - [DEBUG] frame=7900, y=0.707, jumps=16
2025-12-22 12:15:56,865 - src.detection.jump - DEBUG - Rejected: amp=0.0010 < 0.02
2025-12-22 12:15:57,123 - src.detection.jump - DEBUG - Rejected: amp=0.0000 < 0.02
2025-12-22 12:15:57,401 - src.detection.jump - DEBUG - Rejected: amp=0.0000 < 0.02
2025-12-22 12:15:59,727 - src.detection.jump - DEBUG - Rejected: amp=0.0029 < 0.02
2025-12-22 12:16:00,233 - src.processor.video - INFO - [DEBUG] frame=7950, y=0.708, jumps=16
2025-12-22 12:16:00,572 - src.detection.jump - DEBUG - Rejected: amp=0.0031 < 0.02
2025-12-22 12:16:01,581 - src.detection.jump - DEBUG - Rejected: amp=0.0000 < 0.02
2025-12-22 12:16:01,846 - src.detection.jump - DEBUG - Rejected: amp=0.0008 < 0.02
2025-12-22 12:16:03,384 - src.detection.jump - DEBUG - Rejected: amp=0.0015 < 0.02
2025-12-22 12:16:04,971 - src.processor.video - INFO - [DEBUG] frame=8000, y=0.708, jumps=16
2025-12-22 12:16:06,045 - src.detection.jump - DEBUG - Rejected: amp=0.0006 < 0.02
2025-12-22 12:16:08,630 - src.detection.jump - DEBUG - Rejected: amp=0.0012 < 0.02
2025-12-22 12:16:08,976 - src.detection.jump - DEBUG - Rejected: amp=0.0000 < 0.02
2025-12-22 12:16:09,395 - src.processor.video - INFO - [DEBUG] frame=8050, y=0.708, jumps=16
2025-12-22 12:16:09,754 - src.detection.jump - DEBUG - Rejected: amp=0.0022 < 0.02
2025-12-22 12:16:10,781 - uvicorn.access - INFO - 127.0.0.1:56144 - "GET /health HTTP/1.1" 200
2025-12-22 12:16:10,781 - uvicorn.access - INFO - 127.0.0.1:56144 - "GET /health HTTP/1.1" 200
2025-12-22 12:16:10,781 - uvicorn.access - INFO - 127.0.0.1:56144 - "GET /health HTTP/1.1" 200
2025-12-22 12:16:10,886 - src.detection.jump - DEBUG - Rejected: amp=0.0002 < 0.02
2025-12-22 12:16:11,458 - src.detection.jump - DEBUG - Rejected: amp=0.0000 < 0.02
2025-12-22 12:16:13,865 - src.processor.video - INFO - [DEBUG] frame=8100, y=0.709, jumps=16
2025-12-22 12:16:14,664 - src.detection.jump - DEBUG - Rejected: amp=0.0000 < 0.02
2025-12-22 12:16:16,962 - src.detection.jump - DEBUG - Rejected: amp=0.0006 < 0.02
2025-12-22 12:16:17,493 - src.detection.jump - DEBUG - Rejected: amp=0.0000 < 0.02
2025-12-22 12:16:17,737 - src.detection.jump - DEBUG - Rejected: amp=0.0000 < 0.02
2025-12-22 12:16:18,547 - src.processor.video - INFO - [DEBUG] frame=8150, y=0.709, jumps=16
2025-12-22 12:16:18,643 - src.detection.jump - DEBUG - Rejected: amp=0.0003 < 0.02
2025-12-22 12:16:19,252 - src.detection.jump - DEBUG - Rejected: amp=0.0001 < 0.02
2025-12-22 12:16:19,862 - src.detection.jump - DEBUG - Rejected: amp=0.0000 < 0.02
2025-12-22 12:16:20,488 - src.detection.jump - DEBUG - Rejected: amp=0.0000 < 0.02
2025-12-22 12:16:21,515 - src.detection.jump - DEBUG - Rejected: amp=0.0006 < 0.02
2025-12-22 12:16:22,923 - src.processor.video - INFO - [DEBUG] frame=8200, y=0.708, jumps=16
2025-12-22 12:16:23,280 - src.detection.jump - DEBUG - Rejected: amp=0.0009 < 0.02
2025-12-22 12:16:24,694 - src.detection.jump - DEBUG - Rejected: amp=0.0002 < 0.02
2025-12-22 12:16:24,955 - src.detection.jump - DEBUG - Rejected: amp=0.0000 < 0.02
2025-12-22 12:16:26,067 - src.detection.jump - DEBUG - Rejected: amp=0.0001 < 0.02
2025-12-22 12:16:26,325 - src.detection.jump - DEBUG - Rejected: amp=0.0001 < 0.02
2025-12-22 12:16:27,016 - src.detection.jump - DEBUG - Rejected: amp=0.0018 < 0.02
2025-12-22 12:16:27,263 - src.processor.video - INFO - [DEBUG] frame=8250, y=0.709, jumps=16
2025-12-22 12:16:28,653 - src.detection.jump - DEBUG - Rejected: amp=0.0003 < 0.02
2025-12-22 12:16:30,925 - src.detection.jump - DEBUG - Rejected: amp=0.0000 < 0.02
2025-12-22 12:16:31,343 - src.detection.jump - DEBUG - Rejected: amp=0.0000 < 0.02
2025-12-22 12:16:31,653 - src.processor.video - INFO - [DEBUG] frame=8300, y=0.709, jumps=16
2025-12-22 12:16:32,928 - src.detection.jump - DEBUG - Rejected: amp=0.0000 < 0.02
2025-12-22 12:16:33,557 - src.detection.jump - DEBUG - Rejected: amp=0.0000 < 0.02
2025-12-22 12:16:34,874 - src.detection.jump - DEBUG - Rejected: amp=0.0019 < 0.02
2025-12-22 12:16:35,795 - src.detection.jump - DEBUG - Rejected: amp=0.0001 < 0.02
2025-12-22 12:16:36,160 - src.detection.jump - DEBUG - Rejected: amp=0.0000 < 0.02
2025-12-22 12:16:36,247 - src.processor.video - INFO - [DEBUG] frame=8350, y=0.708, jumps=16
2025-12-22 12:16:36,540 - src.detection.jump - DEBUG - Rejected: amp=0.0001 < 0.02
2025-12-22 12:16:36,965 - src.detection.jump - DEBUG - Rejected: amp=0.0000 < 0.02
2025-12-22 12:16:40,372 - src.detection.jump - DEBUG - Rejected: amp=0.0001 < 0.02
2025-12-22 12:16:40,454 - src.processor.video - INFO - [DEBUG] frame=8400, y=0.710, jumps=16
2025-12-22 12:16:41,086 - uvicorn.access - INFO - 127.0.0.1:36864 - "GET /health HTTP/1.1" 200
2025-12-22 12:16:41,086 - uvicorn.access - INFO - 127.0.0.1:36864 - "GET /health HTTP/1.1" 200
2025-12-22 12:16:41,086 - uvicorn.access - INFO - 127.0.0.1:36864 - "GET /health HTTP/1.1" 200
2025-12-22 12:16:41,659 - src.detection.jump - DEBUG - Rejected: amp=0.0008 < 0.02
2025-12-22 12:16:42,520 - src.detection.jump - DEBUG - Rejected: amp=0.0006 < 0.02
2025-12-22 12:16:43,479 - src.detection.jump - DEBUG - Rejected: amp=0.0000 < 0.02
2025-12-22 12:16:44,730 - src.processor.video - INFO - [DEBUG] frame=8450, y=0.708, jumps=16
2025-12-22 12:16:44,901 - src.detection.jump - DEBUG - Rejected: amp=0.0011 < 0.02
2025-12-22 12:16:45,070 - src.detection.jump - DEBUG - Rejected: amp=0.0000 < 0.02
2025-12-22 12:16:47,860 - src.detection.jump - DEBUG - Rejected: amp=0.0014 < 0.02
2025-12-22 12:16:48,674 - src.detection.jump - DEBUG - Rejected: amp=0.0002 < 0.02
2025-12-22 12:16:48,995 - src.detection.jump - DEBUG - Rejected: amp=0.0000 < 0.02
2025-12-22 12:16:49,274 - src.processor.video - INFO - [DEBUG] frame=8500, y=0.709, jumps=16
2025-12-22 12:16:50,526 - src.detection.jump - DEBUG - Rejected: amp=0.0002 < 0.02
2025-12-22 12:16:51,781 - src.detection.jump - DEBUG - Rejected: amp=0.0004 < 0.02
2025-12-22 12:16:52,213 - src.detection.jump - DEBUG - Rejected: amp=0.0000 < 0.02
2025-12-22 12:16:53,606 - src.detection.jump - DEBUG - Rejected: amp=0.0007 < 0.02
2025-12-22 12:16:53,773 - src.processor.video - INFO - [DEBUG] frame=8550, y=0.709, jumps=16
2025-12-22 12:16:55,731 - src.detection.jump - DEBUG - Rejected: amp=0.0005 < 0.02
2025-12-22 12:16:57,181 - src.detection.jump - DEBUG - Rejected: amp=0.0001 < 0.02
2025-12-22 12:16:57,622 - src.detection.jump - DEBUG - Rejected: amp=0.0001 < 0.02
2025-12-22 12:16:57,872 - src.detection.jump - DEBUG - Rejected: amp=0.0000 < 0.02
2025-12-22 12:16:58,031 - src.processor.video - INFO - [DEBUG] frame=8600, y=0.709, jumps=16
2025-12-22 12:16:59,207 - src.detection.jump - DEBUG - Rejected: amp=0.0000 < 0.02
2025-12-22 12:17:00,461 - src.detection.jump - DEBUG - Rejected: amp=0.0003 < 0.02
2025-12-22 12:17:00,800 - src.detection.jump - DEBUG - Rejected: amp=0.0000 < 0.02
2025-12-22 12:17:01,446 - src.detection.jump - DEBUG - Rejected: amp=0.0003 < 0.02
2025-12-22 12:17:01,822 - src.detection.jump - DEBUG - Rejected: amp=0.0000 < 0.02
2025-12-22 12:17:02,370 - src.processor.video - INFO - [DEBUG] frame=8650, y=0.710, jumps=16
2025-12-22 12:17:03,677 - src.detection.jump - DEBUG - Rejected: amp=0.0007 < 0.02
2025-12-22 12:17:04,185 - src.detection.jump - DEBUG - Rejected: amp=0.0000 < 0.02
2025-12-22 12:17:05,614 - src.detection.jump - DEBUG - Rejected: amp=0.0000 < 0.02
2025-12-22 12:17:06,011 - src.processor.video - INFO - [DEBUG] frame=8700, y=0.710, jumps=16
2025-12-22 12:17:06,141 - src.detection.jump - DEBUG - Rejected: amp=0.0001 < 0.02
2025-12-22 12:17:06,599 - src.detection.jump - DEBUG - Rejected: amp=0.0000 < 0.02
2025-12-22 12:17:07,106 - src.detection.jump - DEBUG - Rejected: amp=0.0004 < 0.02
2025-12-22 12:17:08,447 - src.detection.jump - DEBUG - Rejected: amp=0.0003 < 0.02
2025-12-22 12:17:08,774 - src.detection.jump - DEBUG - Rejected: amp=0.0000 < 0.02
2025-12-22 12:17:09,224 - src.detection.jump - DEBUG - Rejected: amp=0.0002 < 0.02
2025-12-22 12:17:09,285 - src.processor.video - INFO - [DEBUG] frame=8750, y=0.709, jumps=16
2025-12-22 12:17:10,351 - uvicorn.error - INFO - Shutting down
2025-12-22 12:17:10,351 - uvicorn.error - INFO - Shutting down
2025-12-22 12:17:10,351 - uvicorn.error - INFO - Shutting down
2025-12-22 12:17:10,457 - uvicorn.error - INFO - Waiting for application shutdown.
2025-12-22 12:17:10,457 - uvicorn.error - INFO - Waiting for application shutdown.
2025-12-22 12:17:10,457 - uvicorn.error - INFO - Waiting for application shutdown.
2025-12-22 12:17:10,492 - src.stream.capture - INFO - Stopped RTSP capture
2025-12-22 12:17:10,804 - src.processor.video - INFO - VideoProcessor stopped
2025-12-22 12:17:10,811 - src.api.app - INFO - Application stopped
2025-12-22 12:17:10,817 - uvicorn.error - INFO - Application shutdown complete.
2025-12-22 12:17:10,817 - uvicorn.error - INFO - Application shutdown complete.
2025-12-22 12:17:10,817 - uvicorn.error - INFO - Application shutdown complete.
2025-12-22 12:17:10,823 - uvicorn.error - INFO - Finished server process [1]
2025-12-22 12:17:10,823 - uvicorn.error - INFO - Finished server process [1]
2025-12-22 12:17:10,823 - uvicorn.error - INFO - Finished server process [1]
2025-12-22 12:17:32,851 - __main__ - INFO - Starting Rope Skipping Counter on 0.0.0.0:8080
2025-12-22 12:17:32,851 - __main__ - INFO - RTSP URL: rtsps://192.168.1.1:7441/Zh57VpTojynQVGvw?enableSrtp
2025-12-22 12:17:32,851 - __main__ - INFO - Webhook URL: http://192.168.1.131:8123/api/webhook/-yXN-y16djNI4k9TIvPQ3d8vL
2025-12-22 12:17:32,851 - __main__ - INFO - Milestone interval: 100
2025-12-22 12:17:33,179 - matplotlib - DEBUG - matplotlib data path: /usr/local/lib/python3.11/site-packages/matplotlib/mpl-data
2025-12-22 12:17:33,185 - matplotlib - DEBUG - CONFIGDIR=/home/appuser/.config/matplotlib
2025-12-22 12:17:33,186 - matplotlib - DEBUG - interactive is False
2025-12-22 12:17:33,187 - matplotlib - DEBUG - platform is linux
2025-12-22 12:17:33,209 - matplotlib - DEBUG - CACHEDIR=/home/appuser/.cache/matplotlib
2025-12-22 12:17:33,209 - matplotlib.font_manager - DEBUG - font search path [PosixPath('/usr/local/lib/python3.11/site-packages/matplotlib/mpl-data/fonts/ttf'), PosixPath('/usr/local/lib/python3.11/site-packages/matplotlib/mpl-data/fonts/afm'), PosixPath('/usr/local/lib/python3.11/site-packages/matplotlib/mpl-data/fonts/pdfcorefonts')]
2025-12-22 12:17:33,335 - matplotlib.font_manager - INFO - generated new fontManager
2025-12-22 12:17:33,980 - uvicorn.error - INFO - Started server process [1]
2025-12-22 12:17:33,980 - uvicorn.error - INFO - Started server process [1]
2025-12-22 12:17:33,980 - uvicorn.error - INFO - Started server process [1]
2025-12-22 12:17:33,981 - uvicorn.error - INFO - Waiting for application startup.
2025-12-22 12:17:33,981 - uvicorn.error - INFO - Waiting for application startup.
2025-12-22 12:17:33,981 - uvicorn.error - INFO - Waiting for application startup.
2025-12-22 12:17:34,127 - src.detection.pose - INFO - Initialized PoseDetector: model=2, tracking=nose, segmentation=enabled
2025-12-22 12:17:34,128 - src.detection.jump - INFO - Initialized JumpDetector: min_amplitude=0.02, max_amplitude=0.1, max_x_drift=0.15
2025-12-22 12:17:34,128 - src.session.manager - INFO - Initialized SessionManager: start_threshold=5, stop_timeout=30s, milestone=100
2025-12-22 12:17:34,128 - src.notifications.webhook - INFO - Initialized WebhookSender: url=http://192.168.1.131:8123/api/webhook/-yXN-y16djNI4k9TIvPQ3d8vL
2025-12-22 12:17:34,128 - src.stream.capture - INFO - Connecting to rtsps://192.168.1.1:7441/Zh57VpTojynQVGvw?enableSrtp...
2025-12-22 12:17:34,129 - src.stream.capture - INFO - Started RTSP capture for rtsps://192.168.1.1:7441/Zh57VpTojynQVGvw?enableSrtp
2025-12-22 12:17:34,130 - src.processor.video - INFO - VideoProcessor started
2025-12-22 12:17:34,130 - src.api.app - INFO - Application started
2025-12-22 12:17:34,130 - uvicorn.error - INFO - Application startup complete.
2025-12-22 12:17:34,130 - uvicorn.error - INFO - Application startup complete.
2025-12-22 12:17:34,130 - uvicorn.error - INFO - Application startup complete.
2025-12-22 12:17:34,132 - uvicorn.error - INFO - Uvicorn running on http://0.0.0.0:8080 (Press CTRL+C to quit)
2025-12-22 12:17:34,132 - uvicorn.error - INFO - Uvicorn running on http://0.0.0.0:8080 (Press CTRL+C to quit)
2025-12-22 12:17:34,132 - uvicorn.error - INFO - Uvicorn running on http://0.0.0.0:8080 (Press CTRL+C to quit)
2025-12-22 12:17:35,151 - src.stream.capture - INFO - Successfully connected to RTSP stream
2025-12-22 12:17:37,695 - uvicorn.access - INFO - 127.0.0.1:44842 - "GET /health HTTP/1.1" 200
2025-12-22 12:17:37,695 - uvicorn.access - INFO - 127.0.0.1:44842 - "GET /health HTTP/1.1" 200
2025-12-22 12:17:37,695 - uvicorn.access - INFO - 127.0.0.1:44842 - "GET /health HTTP/1.1" 200
2025-12-22 12:17:40,943 - src.processor.video - INFO - [DEBUG] frame=150, y=0.657, jumps=0
2025-12-22 12:17:50,609 - src.processor.video - INFO - [DEBUG] frame=350, y=0.683, jumps=0
2025-12-22 12:17:52,074 - src.detection.jump - INFO - Warmup complete after 60 frames
2025-12-22 12:17:52,434 - src.detection.jump - DEBUG - Rejected: amp=0.0001 < 0.02
2025-12-22 12:17:52,786 - src.detection.jump - INFO - Jump #1! amp=0.0459, stationary=True
2025-12-22 12:17:53,577 - src.detection.jump - DEBUG - Rejected: amp=0.0146 < 0.02
2025-12-22 12:17:53,830 - src.detection.jump - DEBUG - Rejected: amp=0.0029 < 0.02
2025-12-22 12:17:54,438 - src.detection.jump - DEBUG - Rejected: amp=0.0024 < 0.02
2025-12-22 12:17:54,620 - src.detection.jump - DEBUG - Rejected: amp=0.0008 < 0.02
2025-12-22 12:17:54,969 - src.processor.video - INFO - [DEBUG] frame=400, y=0.680, jumps=1
2025-12-22 12:17:55,226 - src.detection.jump - DEBUG - Rejected: amp=0.0108 < 0.02
2025-12-22 12:17:55,694 - src.detection.jump - DEBUG - Rejected: amp=0.0043 < 0.02
2025-12-22 12:17:55,861 - src.detection.jump - DEBUG - Rejected: amp=0.0066 < 0.02
2025-12-22 12:17:56,562 - src.detection.jump - INFO - Jump #2! amp=0.0286, stationary=True
2025-12-22 12:17:56,841 - src.detection.jump - DEBUG - Rejected: amp=0.0015 < 0.02
2025-12-22 12:17:57,582 - src.detection.jump - DEBUG - Rejected: amp=0.0007 < 0.02
2025-12-22 12:17:57,838 - src.detection.jump - INFO - Jump #3! amp=0.0214, stationary=True
2025-12-22 12:17:58,224 - src.detection.jump - DEBUG - Rejected: amp=0.0040 < 0.02
2025-12-22 12:17:58,482 - src.detection.jump - DEBUG - Rejected: amp=0.0154 < 0.02
2025-12-22 12:17:59,181 - src.detection.jump - DEBUG - Rejected: amp=0.0162 < 0.02
2025-12-22 12:17:59,516 - src.processor.video - INFO - [DEBUG] frame=450, y=0.690, jumps=3
2025-12-22 12:17:59,516 - src.detection.jump - DEBUG - Rejected: amp=0.0000 < 0.02
2025-12-22 12:17:59,823 - src.detection.jump - INFO - Jump #4! amp=0.0216, stationary=True
2025-12-22 12:18:00,142 - src.detection.jump - INFO - Jump #5! amp=0.0296, stationary=True
2025-12-22 12:18:00,143 - src.session.manager - INFO - Session started with 5 jumps
2025-12-22 12:18:00,514 - src.detection.jump - DEBUG - Rejected: amp=0.0001 < 0.02
2025-12-22 12:18:01,153 - src.detection.jump - INFO - Jump #6! amp=0.0307, stationary=True
2025-12-22 12:18:01,396 - src.detection.jump - INFO - Jump #7! amp=0.0202, stationary=True
2025-12-22 12:18:01,745 - src.detection.jump - DEBUG - Rejected: amp=0.0026 < 0.02
2025-12-22 12:18:02,046 - src.detection.jump - INFO - Jump #8! amp=0.0327, stationary=True
2025-12-22 12:18:02,431 - src.detection.jump - DEBUG - Rejected: amp=0.0018 < 0.02
2025-12-22 12:18:02,906 - src.detection.jump - INFO - Jump #9! amp=0.0205, stationary=True
2025-12-22 12:18:03,087 - src.detection.jump - DEBUG - Rejected: amp=0.0133 < 0.02
2025-12-22 12:18:03,473 - src.detection.jump - DEBUG - Rejected: amp=0.0182 < 0.02
2025-12-22 12:18:03,838 - src.detection.jump - DEBUG - Rejected: amp=0.0009 < 0.02
2025-12-22 12:18:04,012 - src.detection.jump - DEBUG - Rejected: amp=0.0135 < 0.02
2025-12-22 12:18:04,350 - src.detection.jump - DEBUG - Rejected: amp=0.0054 < 0.02
2025-12-22 12:18:04,607 - src.processor.video - INFO - [DEBUG] frame=500, y=0.650, jumps=9
2025-12-22 12:18:04,700 - src.detection.jump - INFO - Jump #10! amp=0.0375, stationary=True
2025-12-22 12:18:05,712 - src.detection.jump - INFO - Jump #11! amp=0.0313, stationary=True
2025-12-22 12:18:06,157 - src.detection.jump - INFO - Jump #12! amp=0.0238, stationary=True
2025-12-22 12:18:06,321 - src.detection.jump - DEBUG - Rejected: amp=0.0095 < 0.02
2025-12-22 12:18:06,577 - src.detection.jump - DEBUG - Rejected: amp=0.0023 < 0.02
2025-12-22 12:18:06,923 - src.detection.jump - DEBUG - Rejected: amp=0.0059 < 0.02
2025-12-22 12:18:07,183 - src.detection.jump - DEBUG - Rejected: amp=0.0087 < 0.02
2025-12-22 12:18:07,659 - src.detection.jump - DEBUG - Rejected: amp=0.0006 < 0.02
2025-12-22 12:18:08,251 - uvicorn.access - INFO - 127.0.0.1:49382 - "GET /health HTTP/1.1" 200
2025-12-22 12:18:08,251 - uvicorn.access - INFO - 127.0.0.1:49382 - "GET /health HTTP/1.1" 200
2025-12-22 12:18:08,251 - uvicorn.access - INFO - 127.0.0.1:49382 - "GET /health HTTP/1.1" 200
2025-12-22 12:18:08,547 - src.detection.jump - DEBUG - Rejected: amp=0.0068 < 0.02
2025-12-22 12:18:08,895 - src.detection.jump - DEBUG - Rejected: amp=0.0023 < 0.02
2025-12-22 12:18:09,070 - src.detection.jump - DEBUG - Rejected: amp=0.0104 < 0.02
2025-12-22 12:18:09,164 - src.processor.video - INFO - [DEBUG] frame=550, y=0.669, jumps=12
2025-12-22 12:18:09,343 - src.detection.jump - DEBUG - Rejected: amp=0.0010 < 0.02
2025-12-22 12:18:09,930 - src.detection.jump - DEBUG - Rejected: amp=0.0014 < 0.02
2025-12-22 12:18:10,362 - src.detection.jump - DEBUG - Rejected: amp=0.0011 < 0.02
2025-12-22 12:18:10,530 - src.detection.jump - DEBUG - Rejected: amp=0.0179 < 0.02
2025-12-22 12:18:11,568 - src.detection.jump - DEBUG - Rejected: amp=0.0000 < 0.02
2025-12-22 12:18:12,059 - src.detection.jump - DEBUG - Rejected: amp=0.0000 < 0.02
2025-12-22 12:18:13,328 - src.detection.jump - DEBUG - Rejected: amp=0.0002 < 0.02
2025-12-22 12:18:13,421 - src.processor.video - INFO - [DEBUG] frame=600, y=0.695, jumps=12
2025-12-22 12:18:13,920 - src.detection.jump - DEBUG - Rejected: amp=0.0009 < 0.02
2025-12-22 12:18:14,172 - src.detection.jump - DEBUG - Rejected: amp=0.0001 < 0.02
2025-12-22 12:18:14,556 - src.detection.jump - DEBUG - Rejected: amp=0.0002 < 0.02
2025-12-22 12:18:15,081 - src.detection.jump - DEBUG - Rejected: amp=0.0000 < 0.02
2025-12-22 12:18:15,966 - src.detection.jump - DEBUG - Rejected: amp=0.0000 < 0.02
2025-12-22 12:18:16,684 - src.detection.jump - DEBUG - Rejected: amp=0.0000 < 0.02
2025-12-22 12:18:17,387 - src.detection.jump - DEBUG - Rejected: amp=0.0000 < 0.02
2025-12-22 12:18:17,786 - src.processor.video - INFO - [DEBUG] frame=650, y=0.696, jumps=12
2025-12-22 12:18:18,026 - src.detection.jump - DEBUG - Rejected: amp=0.0025 < 0.02
2025-12-22 12:18:18,200 - src.detection.jump - DEBUG - Rejected: amp=0.0002 < 0.02
2025-12-22 12:18:18,908 - src.detection.jump - DEBUG - Rejected: amp=0.0001 < 0.02
2025-12-22 12:18:20,053 - src.detection.jump - DEBUG - Rejected: amp=0.0104 < 0.02
2025-12-22 12:18:20,226 - src.detection.jump - DEBUG - Rejected: amp=0.0000 < 0.02
2025-12-22 12:18:20,416 - src.detection.jump - DEBUG - Rejected: amp=0.0000 < 0.02
2025-12-22 12:18:21,118 - src.detection.jump - DEBUG - Rejected: amp=0.0185 < 0.02
2025-12-22 12:18:21,352 - src.detection.jump - DEBUG - Rejected: amp=0.0053 < 0.02
2025-12-22 12:18:21,877 - src.detection.jump - INFO - Jump #13! amp=0.0448, stationary=True
2025-12-22 12:18:22,221 - src.processor.video - INFO - [DEBUG] frame=700, y=0.683, jumps=13
2025-12-22 12:18:22,483 - src.detection.jump - DEBUG - Rejected: amp=0.0025 < 0.02
2025-12-22 12:18:22,846 - src.detection.jump - INFO - Jump #14! amp=0.0463, stationary=True
2025-12-22 12:18:23,652 - src.detection.jump - DEBUG - Rejected: amp=0.0087 < 0.02
2025-12-22 12:18:23,900 - src.detection.jump - DEBUG - Rejected: amp=0.0161 < 0.02
2025-12-22 12:18:24,483 - src.detection.jump - INFO - Jump #15! amp=0.0428, stationary=True
2025-12-22 12:18:25,048 - src.detection.jump - DEBUG - Rejected: amp=0.0023 < 0.02
2025-12-22 12:18:30,089 - src.detection.jump - INFO - Pose detection gap 4.88s - resetting warmup
2025-12-22 12:18:32,805 - src.processor.video - INFO - [DEBUG] frame=900, y=0.628, jumps=15
2025-12-22 12:18:38,522 - uvicorn.access - INFO - 127.0.0.1:39236 - "GET /health HTTP/1.1" 200
2025-12-22 12:18:38,522 - uvicorn.access - INFO - 127.0.0.1:39236 - "GET /health HTTP/1.1" 200
2025-12-22 12:18:38,522 - uvicorn.access - INFO - 127.0.0.1:39236 - "GET /health HTTP/1.1" 200
2025-12-22 12:18:41,190 - src.processor.video - INFO - [DEBUG] frame=1050, y=0.653, jumps=15
2025-12-22 12:18:43,157 - src.detection.jump - INFO - Warmup complete after 60 frames
2025-12-22 12:18:43,782 - src.detection.jump - INFO - Jump #16! amp=0.0390, stationary=True
2025-12-22 12:18:44,115 - src.detection.jump - DEBUG - Rejected: amp=0.0047 < 0.02
2025-12-22 12:18:44,423 - src.detection.jump - DEBUG - Rejected: amp=0.0016 < 0.02
2025-12-22 12:18:44,677 - src.detection.jump - DEBUG - Rejected: amp=0.0031 < 0.02
2025-12-22 12:18:44,824 - src.detection.jump - DEBUG - Rejected: amp=0.0011 < 0.02
2025-12-22 12:18:45,241 - src.detection.jump - DEBUG - Rejected: amp=0.0025 < 0.02
2025-12-22 12:18:45,523 - src.detection.jump - INFO - Jump #17! amp=0.0228, stationary=True
2025-12-22 12:18:45,660 - src.detection.jump - INFO - Jump #18! amp=0.0249, stationary=True
2025-12-22 12:18:45,813 - src.processor.video - INFO - [DEBUG] frame=1100, y=0.682, jumps=18
2025-12-22 12:18:46,650 - src.detection.jump - DEBUG - Rejected: amp=0.0007 < 0.02
2025-12-22 12:18:47,190 - src.detection.jump - DEBUG - Rejected: amp=0.0015 < 0.02
2025-12-22 12:18:47,459 - src.detection.jump - DEBUG - Rejected: amp=0.0001 < 0.02
2025-12-22 12:18:48,040 - src.detection.jump - DEBUG - Rejected: amp=0.0000 < 0.02
2025-12-22 12:18:48,585 - src.detection.jump - DEBUG - Rejected: amp=0.0001 < 0.02
2025-12-22 12:18:59,482 - src.detection.jump - INFO - Pose detection gap 10.05s - resetting warmup
2025-12-22 12:18:59,800 - src.processor.video - INFO - [DEBUG] frame=1450, y=0.683, jumps=18
2025-12-22 12:19:04,076 - src.processor.video - INFO - [DEBUG] frame=1500, y=0.685, jumps=18
2025-12-22 12:19:04,550 - src.detection.jump - INFO - Warmup complete after 60 frames
2025-12-22 12:19:04,551 - src.detection.jump - INFO - Jump #19! amp=0.0369, stationary=True
2025-12-22 12:19:04,927 - src.detection.jump - DEBUG - Rejected: amp=0.0199 < 0.02
2025-12-22 12:19:05,098 - src.detection.jump - DEBUG - Rejected: amp=0.0073 < 0.02
2025-12-22 12:19:05,693 - src.detection.jump - DEBUG - Rejected: amp=0.0008 < 0.02
2025-12-22 12:19:06,166 - src.detection.jump - DEBUG - Rejected: amp=0.0004 < 0.02
2025-12-22 12:19:06,504 - src.detection.jump - DEBUG - Rejected: amp=0.0016 < 0.02
2025-12-22 12:19:07,452 - src.detection.jump - DEBUG - Rejected: amp=0.0043 < 0.02
2025-12-22 12:19:07,618 - src.detection.jump - DEBUG - Rejected: amp=0.0015 < 0.02
2025-12-22 12:19:07,799 - src.detection.jump - DEBUG - Rejected: amp=0.0001 < 0.02
2025-12-22 12:19:08,039 - src.detection.jump - DEBUG - Rejected: amp=0.0106 < 0.02
2025-12-22 12:19:08,301 - src.processor.video - INFO - [DEBUG] frame=1550, y=0.673, jumps=19
2025-12-22 12:19:08,301 - src.detection.jump - DEBUG - Rejected: amp=0.0163 < 0.02
2025-12-22 12:19:08,755 - src.detection.jump - DEBUG - Rejected: amp=0.0034 < 0.02
2025-12-22 12:19:08,951 - src.detection.jump - DEBUG - Rejected: amp=0.0017 < 0.02
2025-12-22 12:19:08,983 - uvicorn.access - INFO - 127.0.0.1:54492 - "GET /health HTTP/1.1" 200
2025-12-22 12:19:08,983 - uvicorn.access - INFO - 127.0.0.1:54492 - "GET /health HTTP/1.1" 200
2025-12-22 12:19:08,983 - uvicorn.access - INFO - 127.0.0.1:54492 - "GET /health HTTP/1.1" 200
2025-12-22 12:19:09,218 - src.detection.jump - DEBUG - Rejected: amp=0.0002 < 0.02
2025-12-22 12:19:09,728 - src.detection.jump - DEBUG - Rejected: amp=0.0092 < 0.02
2025-12-22 12:19:10,889 - src.detection.jump - DEBUG - Rejected: amp=0.0025 < 0.02
2025-12-22 12:19:11,093 - src.detection.jump - DEBUG - Rejected: amp=0.0120 < 0.02
2025-12-22 12:19:11,543 - src.detection.jump - INFO - Jump #20! amp=0.0248, stationary=True
2025-12-22 12:19:11,967 - src.detection.jump - DEBUG - Rejected: amp=0.0111 < 0.02
2025-12-22 12:19:12,454 - src.detection.jump - INFO - Jump #21! amp=0.0379, stationary=True
2025-12-22 12:19:12,800 - src.detection.jump - INFO - Jump #22! amp=0.0220, stationary=True
2025-12-22 12:19:13,061 - src.detection.jump - INFO - Jump #23! amp=0.0363, stationary=True
2025-12-22 12:19:13,225 - src.processor.video - INFO - [DEBUG] frame=1600, y=0.647, jumps=23
2025-12-22 12:19:13,225 - src.detection.jump - DEBUG - Rejected: amp=0.0038 < 0.02
2025-12-22 12:19:13,393 - src.detection.jump - DEBUG - Rejected: amp=0.0019 < 0.02
2025-12-22 12:19:13,567 - src.detection.jump - DEBUG - Rejected: amp=0.0004 < 0.02
2025-12-22 12:19:25,626 - src.detection.jump - INFO - Pose detection gap 11.97s - resetting warmup
2025-12-22 12:19:27,317 - src.processor.video - INFO - [DEBUG] frame=1900, y=0.702, jumps=23
2025-12-22 12:19:30,937 - src.detection.jump - INFO - Warmup complete after 60 frames
2025-12-22 12:19:31,122 - src.detection.jump - DEBUG - Rejected: amp=0.0064 < 0.02
2025-12-22 12:19:31,452 - src.detection.jump - INFO - Jump #24! amp=0.0252, stationary=True
2025-12-22 12:19:31,801 - src.processor.video - INFO - [DEBUG] frame=1950, y=0.678, jumps=24
2025-12-22 12:19:31,801 - src.detection.jump - DEBUG - Rejected: amp=0.0180 < 0.02
2025-12-22 12:19:31,995 - src.detection.jump - DEBUG - Rejected: amp=0.0013 < 0.02
2025-12-22 12:19:32,204 - src.detection.jump - DEBUG - Rejected: amp=0.0006 < 0.02
2025-12-22 12:19:33,282 - src.detection.jump - DEBUG - Rejected: amp=0.0063 < 0.02
2025-12-22 12:19:34,548 - src.detection.jump - INFO - Jump #25! amp=0.0287, stationary=True
2025-12-22 12:19:34,718 - src.detection.jump - DEBUG - Rejected: amp=0.0158 < 0.02
2025-12-22 12:19:35,099 - src.detection.jump - DEBUG - Rejected: amp=0.0049 < 0.02
2025-12-22 12:19:35,522 - src.detection.jump - INFO - Jump #26! amp=0.0335, stationary=True
2025-12-22 12:19:36,019 - src.detection.jump - INFO - Jump #27! amp=0.0249, stationary=True
2025-12-22 12:19:36,192 - src.detection.jump - DEBUG - Rejected: amp=0.0051 < 0.02
2025-12-22 12:19:36,804 - src.detection.jump - DEBUG - Rejected: amp=0.0042 < 0.02
2025-12-22 12:19:36,965 - src.processor.video - INFO - [DEBUG] frame=2000, y=0.674, jumps=27
2025-12-22 12:19:37,208 - src.detection.jump - DEBUG - Rejected: amp=0.0009 < 0.02
2025-12-22 12:19:37,384 - src.detection.jump - DEBUG - Rejected: amp=0.0086 < 0.02
2025-12-22 12:19:37,564 - src.detection.jump - DEBUG - Rejected: amp=0.0131 < 0.02
2025-12-22 12:19:37,729 - src.detection.jump - DEBUG - Rejected: amp=0.0199 < 0.02
2025-12-22 12:19:38,221 - src.detection.jump - DEBUG - Rejected: amp=0.0012 < 0.02
2025-12-22 12:19:38,378 - src.detection.jump - DEBUG - Rejected: amp=0.0112 < 0.02
2025-12-22 12:19:38,718 - src.detection.jump - DEBUG - Rejected: amp=0.0008 < 0.02
2025-12-22 12:19:39,092 - src.detection.jump - DEBUG - Rejected: amp=0.0024 < 0.02
2025-12-22 12:19:39,262 - uvicorn.access - INFO - 127.0.0.1:52716 - "GET /health HTTP/1.1" 200
2025-12-22 12:19:39,262 - uvicorn.access - INFO - 127.0.0.1:52716 - "GET /health HTTP/1.1" 200
2025-12-22 12:19:39,262 - uvicorn.access - INFO - 127.0.0.1:52716 - "GET /health HTTP/1.1" 200
2025-12-22 12:19:39,271 - src.detection.jump - DEBUG - Rejected: amp=0.0006 < 0.02
2025-12-22 12:19:39,686 - src.detection.jump - DEBUG - Rejected: amp=0.0020 < 0.02
2025-12-22 12:19:39,999 - src.detection.jump - INFO - Jump #28! amp=0.0228, stationary=True
2025-12-22 12:19:40,562 - src.detection.jump - DEBUG - Rejected: amp=0.0011 < 0.02
2025-12-22 12:19:41,050 - src.detection.jump - DEBUG - Rejected: amp=0.0196 < 0.02
2025-12-22 12:19:41,212 - src.processor.video - INFO - [DEBUG] frame=2050, y=0.686, jumps=28
2025-12-22 12:19:41,297 - src.detection.jump - DEBUG - Rejected: amp=0.0073 < 0.02
2025-12-22 12:19:41,464 - src.detection.jump - DEBUG - Rejected: amp=0.0198 < 0.02
2025-12-22 12:19:42,279 - src.detection.jump - DEBUG - Rejected: amp=0.0064 < 0.02
2025-12-22 12:19:42,702 - src.detection.jump - DEBUG - Rejected: amp=0.0117 < 0.02
2025-12-22 12:19:43,508 - src.detection.jump - DEBUG - Rejected: amp=0.0072 < 0.02
2025-12-22 12:19:44,161 - src.detection.jump - DEBUG - Rejected: amp=0.0124 < 0.02
2025-12-22 12:19:44,434 - src.detection.jump - DEBUG - Rejected: amp=0.0019 < 0.02
2025-12-22 12:19:44,802 - src.detection.jump - DEBUG - Rejected: amp=0.0098 < 0.02
2025-12-22 12:19:44,971 - src.detection.jump - INFO - Jump #29! amp=0.0417, stationary=True
2025-12-22 12:19:45,230 - src.detection.jump - DEBUG - Rejected: amp=0.0000 < 0.02
2025-12-22 12:19:45,394 - src.detection.jump - INFO - Jump #30! amp=0.0249, stationary=True
2025-12-22 12:19:45,649 - src.detection.jump - DEBUG - Rejected: amp=0.0109 < 0.02
2025-12-22 12:19:45,918 - src.detection.jump - INFO - Jump #31! amp=0.0265, stationary=True
2025-12-22 12:19:46,003 - src.processor.video - INFO - [DEBUG] frame=2100, y=0.666, jumps=31
2025-12-22 12:19:46,610 - src.detection.jump - DEBUG - Rejected: amp=0.0002 < 0.02
2025-12-22 12:19:46,894 - src.detection.jump - DEBUG - Rejected: amp=0.0024 < 0.02
2025-12-22 12:19:47,755 - src.detection.jump - DEBUG - Rejected: amp=0.0022 < 0.02
2025-12-22 12:19:48,793 - src.detection.jump - DEBUG - Rejected: amp=0.0001 < 0.02
2025-12-22 12:19:49,249 - src.detection.jump - DEBUG - Rejected: amp=0.0000 < 0.02
2025-12-22 12:19:49,999 - src.detection.jump - DEBUG - Rejected: amp=0.0038 < 0.02
2025-12-22 12:19:50,899 - src.processor.video - INFO - [DEBUG] frame=2150, y=0.683, jumps=31
2025-12-22 12:19:51,066 - src.detection.jump - INFO - Jump #32! amp=0.0200, stationary=True
2025-12-22 12:19:51,622 - src.detection.jump - DEBUG - Rejected: amp=0.0000 < 0.02
2025-12-22 12:19:52,108 - src.detection.jump - DEBUG - Rejected: amp=0.0016 < 0.02
2025-12-22 12:19:52,991 - src.detection.jump - DEBUG - Rejected: amp=0.0003 < 0.02
2025-12-22 12:19:53,450 - src.detection.jump - DEBUG - Rejected: amp=0.0002 < 0.02
2025-12-22 12:19:54,356 - src.detection.jump - DEBUG - Rejected: amp=0.0000 < 0.02
2025-12-22 12:19:54,536 - src.detection.jump - DEBUG - Rejected: amp=0.0102 < 0.02
2025-12-22 12:19:54,862 - src.detection.jump - DEBUG - Rejected: amp=0.0056 < 0.02
2025-12-22 12:19:55,026 - src.detection.jump - DEBUG - Rejected: amp=0.0003 < 0.02
2025-12-22 12:19:55,272 - src.detection.jump - DEBUG - Rejected: amp=0.0018 < 0.02
2025-12-22 12:19:55,453 - src.detection.jump - DEBUG - Rejected: amp=0.0064 < 0.02
2025-12-22 12:19:55,532 - src.processor.video - INFO - [DEBUG] frame=2200, y=0.686, jumps=32
2025-12-22 12:19:55,613 - src.detection.jump - DEBUG - Rejected: amp=0.0082 < 0.02
2025-12-22 12:19:55,801 - src.detection.jump - DEBUG - Rejected: amp=0.0096 < 0.02
2025-12-22 12:19:56,383 - src.detection.jump - INFO - Jump #33! amp=0.0297, stationary=True
2025-12-22 12:19:56,565 - src.detection.jump - DEBUG - Rejected: amp=0.0016 < 0.02
2025-12-22 12:19:57,469 - src.detection.jump - DEBUG - Rejected: amp=0.0061 < 0.02
2025-12-22 12:19:57,915 - src.detection.jump - DEBUG - Rejected: amp=0.0000 < 0.02
2025-12-22 12:19:58,376 - src.detection.jump - INFO - Jump #34! amp=0.0345, stationary=True
2025-12-22 12:19:58,761 - src.detection.jump - DEBUG - Rejected: amp=0.0001 < 0.02
2025-12-22 12:19:59,441 - src.detection.jump - DEBUG - Rejected: amp=0.0021 < 0.02
2025-12-22 12:19:59,867 - src.detection.jump - DEBUG - Rejected: amp=0.0005 < 0.02
2025-12-22 12:20:00,024 - src.processor.video - INFO - [DEBUG] frame=2250, y=0.693, jumps=34
2025-12-22 12:20:00,230 - src.detection.jump - DEBUG - Rejected: amp=0.0112 < 0.02
2025-12-22 12:20:00,629 - src.detection.jump - DEBUG - Rejected: amp=0.0102 < 0.02
2025-12-22 12:20:00,953 - src.detection.jump - DEBUG - Rejected: amp=0.0000 < 0.02
2025-12-22 12:20:01,323 - src.detection.jump - DEBUG - Rejected: amp=0.0067 < 0.02
2025-12-22 12:20:01,728 - src.detection.jump - DEBUG - Rejected: amp=0.0076 < 0.02
2025-12-22 12:20:02,050 - src.detection.jump - DEBUG - Rejected: amp=0.0077 < 0.02
2025-12-22 12:20:02,970 - src.detection.jump - INFO - Jump #35! amp=0.0234, stationary=True
2025-12-22 12:20:03,795 - src.detection.jump - DEBUG - Rejected: amp=0.0065 < 0.02
2025-12-22 12:20:04,212 - src.processor.video - INFO - [DEBUG] frame=2300, y=0.672, jumps=35
2025-12-22 12:20:04,597 - src.detection.jump - INFO - Jump #36! amp=0.0213, stationary=True
2025-12-22 12:20:04,969 - src.detection.jump - DEBUG - Rejected: amp=0.0183 < 0.02
2025-12-22 12:20:05,457 - src.detection.jump - DEBUG - Rejected: amp=0.0004 < 0.02
2025-12-22 12:20:05,859 - src.detection.jump - DEBUG - Rejected: amp=0.0007 < 0.02
2025-12-22 12:20:06,184 - src.detection.jump - DEBUG - Rejected: amp=0.0036 < 0.02
2025-12-22 12:20:06,418 - src.detection.jump - DEBUG - Rejected: amp=0.0003 < 0.02
2025-12-22 12:20:07,068 - src.detection.jump - DEBUG - Rejected: amp=0.0003 < 0.02
2025-12-22 12:20:07,231 - src.detection.jump - DEBUG - Rejected: amp=0.0008 < 0.02
2025-12-22 12:20:08,130 - src.detection.jump - DEBUG - Rejected: amp=0.0022 < 0.02
2025-12-22 12:20:08,552 - src.detection.jump - DEBUG - Rejected: amp=0.0143 < 0.02
2025-12-22 12:20:08,731 - src.processor.video - INFO - [DEBUG] frame=2350, y=0.688, jumps=36
2025-12-22 12:20:08,731 - src.detection.jump - DEBUG - Rejected: amp=0.0007 < 0.02
2025-12-22 12:20:09,504 - src.detection.jump - DEBUG - Rejected: amp=0.0026 < 0.02
2025-12-22 12:20:09,532 - uvicorn.access - INFO - 127.0.0.1:36004 - "GET /health HTTP/1.1" 200
2025-12-22 12:20:09,532 - uvicorn.access - INFO - 127.0.0.1:36004 - "GET /health HTTP/1.1" 200
2025-12-22 12:20:09,532 - uvicorn.access - INFO - 127.0.0.1:36004 - "GET /health HTTP/1.1" 200
2025-12-22 12:20:09,668 - src.detection.jump - DEBUG - Rejected: amp=0.0053 < 0.02
2025-12-22 12:20:10,762 - src.detection.jump - DEBUG - Rejected: amp=0.0005 < 0.02
2025-12-22 12:20:11,168 - src.detection.jump - DEBUG - Rejected: amp=0.0177 < 0.02
2025-12-22 12:20:11,516 - src.detection.jump - DEBUG - Rejected: amp=0.0114 < 0.02
2025-12-22 12:20:11,843 - src.detection.jump - DEBUG - Rejected: amp=0.0059 < 0.02
2025-12-22 12:20:12,011 - src.detection.jump - DEBUG - Rejected: amp=0.0069 < 0.02
2025-12-22 12:20:12,360 - src.detection.jump - DEBUG - Rejected: amp=0.0005 < 0.02
2025-12-22 12:20:12,884 - src.detection.jump - DEBUG - Rejected: amp=0.0157 < 0.02
2025-12-22 12:20:13,147 - src.processor.video - INFO - [DEBUG] frame=2400, y=0.692, jumps=36
2025-12-22 12:20:13,786 - src.detection.jump - DEBUG - Rejected: amp=0.0162 < 0.02
2025-12-22 12:20:14,476 - src.detection.jump - DEBUG - Rejected: amp=0.0070 < 0.02
2025-12-22 12:20:14,643 - src.detection.jump - INFO - Jump #37! amp=0.0379, stationary=True
2025-12-22 12:20:15,565 - src.detection.jump - DEBUG - Rejected: amp=0.0149 < 0.02
2025-12-22 12:20:16,004 - src.detection.jump - INFO - Jump #38! amp=0.0274, stationary=True
2025-12-22 12:20:16,383 - src.detection.jump - DEBUG - Rejected: amp=0.0137 < 0.02
2025-12-22 12:20:16,658 - src.detection.jump - DEBUG - Rejected: amp=0.0192 < 0.02
2025-12-22 12:20:17,346 - src.detection.jump - DEBUG - Rejected: amp=0.0087 < 0.02
2025-12-22 12:20:17,505 - src.processor.video - INFO - [DEBUG] frame=2450, y=0.688, jumps=38
2025-12-22 12:20:17,667 - src.detection.jump - DEBUG - Rejected: amp=0.0001 < 0.02
2025-12-22 12:20:17,917 - src.detection.jump - DEBUG - Rejected: amp=0.0062 < 0.02
2025-12-22 12:20:18,559 - src.detection.jump - INFO - Jump #39! amp=0.0333, stationary=True
2025-12-22 12:20:19,418 - src.detection.jump - DEBUG - Rejected: amp=0.0144 < 0.02
2025-12-22 12:20:19,797 - src.detection.jump - DEBUG - Rejected: amp=0.0043 < 0.02
2025-12-22 12:20:20,196 - src.detection.jump - DEBUG - Rejected: amp=0.0004 < 0.02
2025-12-22 12:20:20,401 - src.detection.jump - INFO - Jump #40! amp=0.0447, stationary=True
2025-12-22 12:20:20,875 - src.detection.jump - DEBUG - Rejected: amp=0.0005 < 0.02
2025-12-22 12:20:21,233 - src.detection.jump - DEBUG - Rejected: amp=0.0029 < 0.02
2025-12-22 12:20:21,623 - src.detection.jump - INFO - Jump #41! amp=0.0378, stationary=True
2025-12-22 12:20:22,192 - src.detection.jump - DEBUG - Rejected: amp=0.0012 < 0.02
2025-12-22 12:20:22,547 - src.detection.jump - INFO - Jump #42! amp=0.0212, stationary=True
2025-12-22 12:20:22,652 - src.processor.video - INFO - [DEBUG] frame=2500, y=0.663, jumps=42
2025-12-22 12:20:23,016 - src.detection.jump - DEBUG - Rejected: amp=0.0067 < 0.02
2025-12-22 12:20:23,473 - src.detection.jump - INFO - Jump #43! amp=0.0460, stationary=True
2025-12-22 12:20:23,773 - src.detection.jump - DEBUG - Rejected: amp=0.0019 < 0.02
2025-12-22 12:20:23,934 - src.detection.jump - DEBUG - Rejected: amp=0.0090 < 0.02
2025-12-22 12:20:24,190 - src.detection.jump - DEBUG - Rejected: amp=0.0093 < 0.02
2025-12-22 12:20:37,993 - src.detection.jump - INFO - Pose detection gap 13.62s - resetting warmup
2025-12-22 12:20:39,895 - uvicorn.access - INFO - 127.0.0.1:45398 - "GET /health HTTP/1.1" 200
2025-12-22 12:20:39,895 - uvicorn.access - INFO - 127.0.0.1:45398 - "GET /health HTTP/1.1" 200
2025-12-22 12:20:39,895 - uvicorn.access - INFO - 127.0.0.1:45398 - "GET /health HTTP/1.1" 200
2025-12-22 12:20:40,627 - src.processor.video - INFO - [DEBUG] frame=2950, y=0.697, jumps=43
2025-12-22 12:20:43,355 - uvicorn.error - INFO - Shutting down
2025-12-22 12:20:43,355 - uvicorn.error - INFO - Shutting down
2025-12-22 12:20:43,355 - uvicorn.error - INFO - Shutting down
2025-12-22 12:20:43,461 - uvicorn.error - INFO - Waiting for application shutdown.
2025-12-22 12:20:43,461 - uvicorn.error - INFO - Waiting for application shutdown.
2025-12-22 12:20:43,461 - uvicorn.error - INFO - Waiting for application shutdown.
2025-12-22 12:20:43,490 - src.stream.capture - INFO - Stopped RTSP capture
2025-12-22 12:20:43,867 - src.processor.video - INFO - VideoProcessor stopped
2025-12-22 12:20:43,873 - src.api.app - INFO - Application stopped
2025-12-22 12:20:43,880 - uvicorn.error - INFO - Application shutdown complete.
2025-12-22 12:20:43,880 - uvicorn.error - INFO - Application shutdown complete.
2025-12-22 12:20:43,880 - uvicorn.error - INFO - Application shutdown complete.
2025-12-22 12:20:43,883 - uvicorn.error - INFO - Finished server process [1]
2025-12-22 12:20:43,883 - uvicorn.error - INFO - Finished server process [1]
2025-12-22 12:20:43,883 - uvicorn.error - INFO - Finished server process [1]
2025-12-22 12:21:05,774 - __main__ - INFO - Starting Rope Skipping Counter on 0.0.0.0:8080
2025-12-22 12:21:05,774 - __main__ - INFO - RTSP URL: rtsps://192.168.1.1:7441/Zh57VpTojynQVGvw?enableSrtp
2025-12-22 12:21:05,774 - __main__ - INFO - Webhook URL: http://192.168.1.131:8123/api/webhook/-yXN-y16djNI4k9TIvPQ3d8vL
2025-12-22 12:21:05,774 - __main__ - INFO - Milestone interval: 100
2025-12-22 12:21:06,078 - matplotlib - DEBUG - matplotlib data path: /usr/local/lib/python3.11/site-packages/matplotlib/mpl-data
2025-12-22 12:21:06,084 - matplotlib - DEBUG - CONFIGDIR=/home/appuser/.config/matplotlib
2025-12-22 12:21:06,084 - matplotlib - DEBUG - interactive is False
2025-12-22 12:21:06,085 - matplotlib - DEBUG - platform is linux
2025-12-22 12:21:06,105 - matplotlib - DEBUG - CACHEDIR=/home/appuser/.cache/matplotlib
2025-12-22 12:21:06,105 - matplotlib.font_manager - DEBUG - font search path [PosixPath('/usr/local/lib/python3.11/site-packages/matplotlib/mpl-data/fonts/ttf'), PosixPath('/usr/local/lib/python3.11/site-packages/matplotlib/mpl-data/fonts/afm'), PosixPath('/usr/local/lib/python3.11/site-packages/matplotlib/mpl-data/fonts/pdfcorefonts')]
2025-12-22 12:21:06,227 - matplotlib.font_manager - INFO - generated new fontManager
2025-12-22 12:21:06,791 - uvicorn.error - INFO - Started server process [1]
2025-12-22 12:21:06,791 - uvicorn.error - INFO - Started server process [1]
2025-12-22 12:21:06,791 - uvicorn.error - INFO - Started server process [1]
2025-12-22 12:21:06,791 - uvicorn.error - INFO - Waiting for application startup.
2025-12-22 12:21:06,791 - uvicorn.error - INFO - Waiting for application startup.
2025-12-22 12:21:06,791 - uvicorn.error - INFO - Waiting for application startup.
2025-12-22 12:21:06,906 - src.detection.pose - INFO - Initialized PoseDetector: model=2, tracking=nose, segmentation=enabled
2025-12-22 12:21:06,906 - src.detection.jump - INFO - Initialized JumpDetector: min_amplitude=0.02, max_amplitude=0.1, max_x_drift=0.15
2025-12-22 12:21:06,906 - src.session.manager - INFO - Initialized SessionManager: start_threshold=5, stop_timeout=30s, milestone=100
2025-12-22 12:21:06,906 - src.notifications.webhook - INFO - Initialized WebhookSender: url=http://192.168.1.131:8123/api/webhook/-yXN-y16djNI4k9TIvPQ3d8vL
2025-12-22 12:21:06,907 - src.stream.capture - INFO - Connecting to rtsps://192.168.1.1:7441/Zh57VpTojynQVGvw?enableSrtp...
2025-12-22 12:21:06,907 - src.stream.capture - INFO - Started RTSP capture for rtsps://192.168.1.1:7441/Zh57VpTojynQVGvw?enableSrtp
2025-12-22 12:21:06,908 - src.processor.video - INFO - VideoProcessor started
2025-12-22 12:21:06,909 - src.api.app - INFO - Application started
2025-12-22 12:21:06,909 - uvicorn.error - INFO - Application startup complete.
2025-12-22 12:21:06,909 - uvicorn.error - INFO - Application startup complete.
2025-12-22 12:21:06,909 - uvicorn.error - INFO - Application startup complete.
2025-12-22 12:21:06,911 - uvicorn.error - INFO - Uvicorn running on http://0.0.0.0:8080 (Press CTRL+C to quit)
2025-12-22 12:21:06,911 - uvicorn.error - INFO - Uvicorn running on http://0.0.0.0:8080 (Press CTRL+C to quit)
2025-12-22 12:21:06,911 - uvicorn.error - INFO - Uvicorn running on http://0.0.0.0:8080 (Press CTRL+C to quit)
2025-12-22 12:21:07,951 - src.stream.capture - INFO - Successfully connected to RTSP stream
2025-12-22 12:21:10,631 - uvicorn.access - INFO - 127.0.0.1:42040 - "GET /health HTTP/1.1" 200
2025-12-22 12:21:10,631 - uvicorn.access - INFO - 127.0.0.1:42040 - "GET /health HTTP/1.1" 200
2025-12-22 12:21:10,631 - uvicorn.access - INFO - 127.0.0.1:42040 - "GET /health HTTP/1.1" 200
2025-12-22 12:21:10,769 - src.processor.video - INFO - [DEBUG] frame=50, y=0.694, jumps=0
2025-12-22 12:21:12,648 - src.detection.jump - INFO - Warmup complete after 60 frames
2025-12-22 12:21:12,846 - src.detection.jump - DEBUG - Rejected: amp=0.0089 < 0.02
2025-12-22 12:21:13,045 - src.detection.jump - DEBUG - Rejected: amp=0.0109 < 0.02
2025-12-22 12:21:13,252 - src.detection.jump - DEBUG - Rejected: amp=0.0191 < 0.02
2025-12-22 12:21:13,376 - src.detection.jump - INFO - Jump #1! amp=0.0356, stationary=True
2025-12-22 12:21:13,703 - src.detection.jump - INFO - Jump #2! amp=0.0506, stationary=True
2025-12-22 12:21:13,891 - src.detection.jump - DEBUG - Rejected: amp=0.0008 < 0.02
2025-12-22 12:21:14,093 - src.processor.video - INFO - [DEBUG] frame=100, y=0.690, jumps=2
2025-12-22 12:21:14,216 - src.detection.jump - DEBUG - Rejected: amp=0.0124 < 0.02
2025-12-22 12:21:14,536 - src.detection.jump - INFO - Jump #3! amp=0.0416, stationary=True
2025-12-22 12:21:14,665 - src.detection.jump - DEBUG - Rejected: amp=0.0068 < 0.02
2025-12-22 12:21:14,857 - src.detection.jump - DEBUG - Rejected: amp=0.0181 < 0.02
2025-12-22 12:21:15,054 - src.detection.jump - DEBUG - Rejected: amp=0.0034 < 0.02
2025-12-22 12:21:15,183 - src.detection.jump - DEBUG - Rejected: amp=0.0058 < 0.02
2025-12-22 12:21:15,569 - src.detection.jump - DEBUG - Rejected: amp=0.0149 < 0.02
2025-12-22 12:21:15,697 - src.detection.jump - DEBUG - Rejected: amp=0.0092 < 0.02
2025-12-22 12:21:15,889 - src.detection.jump - DEBUG - Rejected: amp=0.0029 < 0.02
2025-12-22 12:21:16,002 - uvicorn.access - INFO - 172.18.0.1:58118 - "GET /status HTTP/1.1" 200
2025-12-22 12:21:16,002 - uvicorn.access - INFO - 172.18.0.1:58118 - "GET /status HTTP/1.1" 200
2025-12-22 12:21:16,002 - uvicorn.access - INFO - 172.18.0.1:58118 - "GET /status HTTP/1.1" 200
2025-12-22 12:21:16,173 - src.detection.jump - DEBUG - Rejected: amp=0.0001 < 0.02
2025-12-22 12:21:16,506 - src.detection.jump - DEBUG - Rejected: amp=0.0071 < 0.02
2025-12-22 12:21:16,759 - src.detection.jump - DEBUG - Rejected: amp=0.0151 < 0.02
2025-12-22 12:21:16,888 - src.detection.jump - DEBUG - Rejected: amp=0.0001 < 0.02
2025-12-22 12:21:17,144 - src.detection.jump - INFO - Jump #4! amp=0.0529, stationary=True
2025-12-22 12:21:17,272 - src.detection.jump - DEBUG - Rejected: amp=0.0046 < 0.02
2025-12-22 12:21:17,337 - src.processor.video - INFO - [DEBUG] frame=150, y=0.628, jumps=4
2025-12-22 12:21:17,400 - src.detection.jump - INFO - Jump #5! amp=0.0332, stationary=True
2025-12-22 12:21:17,401 - src.session.manager - INFO - Session started with 5 jumps
2025-12-22 12:21:17,946 - src.detection.jump - DEBUG - Rejected: amp=0.0059 < 0.02
2025-12-22 12:21:18,208 - src.detection.jump - INFO - Jump #6! amp=0.0233, stationary=True
2025-12-22 12:21:18,464 - src.detection.jump - DEBUG - Rejected: amp=0.0036 < 0.02
2025-12-22 12:21:18,866 - src.detection.jump - DEBUG - Rejected: amp=0.0107 < 0.02
2025-12-22 12:21:18,992 - src.detection.jump - DEBUG - Rejected: amp=0.0118 < 0.02
2025-12-22 12:21:19,250 - src.detection.jump - DEBUG - Rejected: amp=0.0019 < 0.02
2025-12-22 12:21:19,884 - src.detection.jump - DEBUG - Rejected: amp=0.0009 < 0.02
2025-12-22 12:21:20,295 - src.detection.jump - DEBUG - Rejected: amp=0.0007 < 0.02
2025-12-22 12:21:20,761 - src.detection.jump - DEBUG - Rejected: amp=0.0039 < 0.02
2025-12-22 12:21:20,826 - src.processor.video - INFO - [DEBUG] frame=200, y=0.692, jumps=6
2025-12-22 12:21:20,958 - src.detection.jump - DEBUG - Rejected: amp=0.0028 < 0.02
2025-12-22 12:21:21,290 - src.detection.jump - DEBUG - Rejected: amp=0.0001 < 0.02
2025-12-22 12:21:21,562 - src.detection.jump - DEBUG - Rejected: amp=0.0057 < 0.02
2025-12-22 12:21:22,110 - src.detection.jump - DEBUG - Rejected: amp=0.0042 < 0.02
2025-12-22 12:21:22,247 - src.detection.jump - DEBUG - Rejected: amp=0.0040 < 0.02
2025-12-22 12:21:22,455 - src.detection.jump - INFO - Jump #7! amp=0.0289, stationary=True
2025-12-22 12:21:22,733 - src.detection.jump - DEBUG - Rejected: amp=0.0122 < 0.02
2025-12-22 12:21:30,609 - uvicorn.access - INFO - 172.18.0.1:55770 - "GET /debug/stream HTTP/1.1" 200
2025-12-22 12:21:30,609 - uvicorn.access - INFO - 172.18.0.1:55770 - "GET /debug/stream HTTP/1.1" 200
2025-12-22 12:21:30,609 - uvicorn.access - INFO - 172.18.0.1:55770 - "GET /debug/stream HTTP/1.1" 200
2025-12-22 12:21:38,075 - uvicorn.access - INFO - 172.18.0.1:36090 - "GET /debug/stream HTTP/1.1" 200
2025-12-22 12:21:38,075 - uvicorn.access - INFO - 172.18.0.1:36090 - "GET /debug/stream HTTP/1.1" 200
2025-12-22 12:21:38,075 - uvicorn.access - INFO - 172.18.0.1:36090 - "GET /debug/stream HTTP/1.1" 200
2025-12-22 12:21:40,886 - uvicorn.access - INFO - 127.0.0.1:53826 - "GET /health HTTP/1.1" 200
2025-12-22 12:21:40,886 - uvicorn.access - INFO - 127.0.0.1:53826 - "GET /health HTTP/1.1" 200
2025-12-22 12:21:40,886 - uvicorn.access - INFO - 127.0.0.1:53826 - "GET /health HTTP/1.1" 200
2025-12-22 12:21:45,057 - src.detection.jump - INFO - Pose detection gap 22.32s - resetting warmup
2025-12-22 12:21:45,133 - src.processor.video - INFO - [DEBUG] frame=900, y=0.671, jumps=7
2025-12-22 12:21:53,034 - src.session.manager - INFO - Session ended (timeout): 7 jumps, duration=35.6s
2025-12-22 12:22:00,331 - src.processor.video - INFO - [DEBUG] frame=1300, y=0.695, jumps=7
2025-12-22 12:22:02,895 - src.detection.jump - INFO - Warmup complete after 60 frames
2025-12-22 12:22:03,183 - src.detection.jump - DEBUG - Rejected: amp=0.0003 < 0.02
2025-12-22 12:22:03,400 - src.detection.jump - DEBUG - Rejected: amp=0.0007 < 0.02
2025-12-22 12:22:04,057 - src.processor.video - INFO - [DEBUG] frame=1350, y=0.701, jumps=7
2025-12-22 12:22:04,271 - src.detection.jump - DEBUG - Rejected: amp=0.0028 < 0.02
2025-12-22 12:22:04,725 - src.detection.jump - DEBUG - Rejected: amp=0.0027 < 0.02
2025-12-22 12:22:06,269 - src.detection.jump - DEBUG - Rejected: amp=0.0001 < 0.02
2025-12-22 12:22:06,701 - src.detection.jump - DEBUG - Rejected: amp=0.0000 < 0.02
2025-12-22 12:22:06,863 - src.detection.jump - DEBUG - Rejected: amp=0.0001 < 0.02
2025-12-22 12:22:07,303 - src.detection.jump - DEBUG - Rejected: amp=0.0009 < 0.02
2025-12-22 12:22:07,764 - src.processor.video - INFO - [DEBUG] frame=1400, y=0.703, jumps=7
2025-12-22 12:22:08,121 - src.detection.jump - INFO - Jump #8! amp=0.0260, stationary=True
2025-12-22 12:22:08,696 - src.detection.jump - DEBUG - Rejected: amp=0.0174 < 0.02
2025-12-22 12:22:08,912 - src.detection.jump - DEBUG - Rejected: amp=0.0001 < 0.02
2025-12-22 12:22:09,064 - src.detection.jump - DEBUG - Rejected: amp=0.0076 < 0.02
2025-12-22 12:22:09,275 - src.detection.jump - DEBUG - Rejected: amp=0.0091 < 0.02
2025-12-22 12:22:09,560 - src.detection.jump - DEBUG - Rejected: amp=0.0158 < 0.02
2025-12-22 12:22:11,134 - uvicorn.access - INFO - 127.0.0.1:55994 - "GET /health HTTP/1.1" 200
2025-12-22 12:22:11,134 - uvicorn.access - INFO - 127.0.0.1:55994 - "GET /health HTTP/1.1" 200
2025-12-22 12:22:11,134 - uvicorn.access - INFO - 127.0.0.1:55994 - "GET /health HTTP/1.1" 200
